{"C:/BestInQuest-Web/src/App.jsx": {"path":"C:/BestInQuest-Web/src/App.jsx","statementMap":{"0":{"start":{"line":10,"column":23},"end":{"line":10,"column":null}},"1":{"start":{"line":26,"column":45},"end":{"line":26,"column":null}},"2":{"start":{"line":28,"column":2},"end":{"line":30,"column":null}},"3":{"start":{"line":29,"column":4},"end":{"line":29,"column":null}},"4":{"start":{"line":33,"column":2},"end":{"line":37,"column":null}},"5":{"start":{"line":36,"column":4},"end":{"line":36,"column":null}},"6":{"start":{"line":39,"column":2},"end":{"line":41,"column":null}},"7":{"start":{"line":40,"column":4},"end":{"line":40,"column":null}},"8":{"start":{"line":44,"column":2},"end":{"line":47,"column":null}},"9":{"start":{"line":52,"column":2},"end":{"line":55,"column":null}}},"fnMap":{"0":{"name":"AppContent","decl":{"start":{"line":25,"column":9},"end":{"line":25,"column":22}},"loc":{"start":{"line":25,"column":22},"end":{"line":49,"column":null}}},"1":{"name":"App","decl":{"start":{"line":51,"column":24},"end":{"line":51,"column":30}},"loc":{"start":{"line":51,"column":30},"end":{"line":57,"column":null}}}},"branchMap":{"0":{"loc":{"start":{"line":28,"column":2},"end":{"line":30,"column":null}},"type":"if","locations":[{"start":{"line":28,"column":2},"end":{"line":30,"column":null}},{"start":{"line":28,"column":2},"end":{"line":30,"column":null}}]},"1":{"loc":{"start":{"line":33,"column":2},"end":{"line":37,"column":null}},"type":"if","locations":[{"start":{"line":33,"column":2},"end":{"line":37,"column":null}},{"start":{"line":33,"column":2},"end":{"line":37,"column":null}}]},"2":{"loc":{"start":{"line":33,"column":6},"end":{"line":33,"column":26}},"type":"binary-expr","locations":[{"start":{"line":33,"column":6},"end":{"line":33,"column":19}},{"start":{"line":33,"column":19},"end":{"line":33,"column":26}}]},"3":{"loc":{"start":{"line":39,"column":2},"end":{"line":41,"column":null}},"type":"if","locations":[{"start":{"line":39,"column":2},"end":{"line":41,"column":null}},{"start":{"line":39,"column":2},"end":{"line":41,"column":null}}]}},"s":{"0":1,"1":4,"2":4,"3":1,"4":3,"5":1,"6":3,"7":2,"8":1,"9":4},"f":{"0":4,"1":4},"b":{"0":[1,3],"1":[1,2],"2":[3,1],"3":[2,1]}}
,"C:/BestInQuest-Web/src/constants.js": {"path":"C:/BestInQuest-Web/src/constants.js","statementMap":{"0":{"start":{"line":1,"column":28},"end":{"line":1,"column":52}},"1":{"start":{"line":3,"column":34},"end":{"line":9,"column":1}},"2":{"start":{"line":11,"column":35},"end":{"line":11,"column":66}},"3":{"start":{"line":14,"column":34},"end":{"line":14,"column":84}},"4":{"start":{"line":15,"column":33},"end":{"line":15,"column":48}},"5":{"start":{"line":16,"column":33},"end":{"line":22,"column":1}},"6":{"start":{"line":24,"column":36},"end":{"line":30,"column":1}},"7":{"start":{"line":32,"column":37},"end":{"line":32,"column":70}},"8":{"start":{"line":34,"column":43},"end":{"line":37,"column":1}},"9":{"start":{"line":39,"column":38},"end":{"line":45,"column":1}},"10":{"start":{"line":47,"column":30},"end":{"line":47,"column":89}},"11":{"start":{"line":48,"column":29},"end":{"line":54,"column":1}}},"fnMap":{},"branchMap":{},"s":{"0":2,"1":2,"2":2,"3":2,"4":2,"5":2,"6":2,"7":2,"8":2,"9":2,"10":2,"11":2},"f":{},"b":{}}
,"C:/BestInQuest-Web/src/main.jsx": {"path":"C:/BestInQuest-Web/src/main.jsx","statementMap":{"0":{"start":{"line":5,"column":13},"end":{"line":5,"column":null}},"1":{"start":{"line":7,"column":0},"end":{"line":7,"column":null}}},"fnMap":{},"branchMap":{},"s":{"0":0,"1":0},"f":{},"b":{}}
,"C:/BestInQuest-Web/src/components/Button/Button.jsx": {"path":"C:/BestInQuest-Web/src/components/Button/Button.jsx","statementMap":{"0":{"start":{"line":4,"column":22},"end":{"line":4,"column":null}},"1":{"start":{"line":5,"column":2},"end":{"line":7,"column":null}},"2":{"start":{"line":6,"column":4},"end":{"line":6,"column":null}},"3":{"start":{"line":8,"column":2},"end":{"line":10,"column":null}},"4":{"start":{"line":9,"column":4},"end":{"line":9,"column":null}},"5":{"start":{"line":12,"column":2},"end":{"line":18,"column":null}}},"fnMap":{"0":{"name":"Button","decl":{"start":{"line":3,"column":24},"end":{"line":3,"column":31}},"loc":{"start":{"line":3,"column":74},"end":{"line":20,"column":null}}}},"branchMap":{"0":{"loc":{"start":{"line":5,"column":2},"end":{"line":7,"column":null}},"type":"if","locations":[{"start":{"line":5,"column":2},"end":{"line":7,"column":null}},{"start":{"line":5,"column":2},"end":{"line":7,"column":null}}]},"1":{"loc":{"start":{"line":8,"column":2},"end":{"line":10,"column":null}},"type":"if","locations":[{"start":{"line":8,"column":2},"end":{"line":10,"column":null}},{"start":{"line":8,"column":2},"end":{"line":10,"column":null}}]}},"s":{"0":8,"1":8,"2":2,"3":8,"4":2,"5":8},"f":{"0":8},"b":{"0":[2,6],"1":[2,6]}}
,"C:/BestInQuest-Web/src/components/CheckButton/CheckButton.jsx": {"path":"C:/BestInQuest-Web/src/components/CheckButton/CheckButton.jsx","statementMap":{"0":{"start":{"line":4,"column":2},"end":{"line":10,"column":null}}},"fnMap":{"0":{"name":"CheckButton","decl":{"start":{"line":3,"column":24},"end":{"line":3,"column":36}},"loc":{"start":{"line":3,"column":82},"end":{"line":12,"column":null}}}},"branchMap":{"0":{"loc":{"start":{"line":6,"column":17},"end":{"line":6,"column":null}},"type":"cond-expr","locations":[{"start":{"line":6,"column":31},"end":{"line":6,"column":74}},{"start":{"line":6,"column":74},"end":{"line":6,"column":null}}]}},"s":{"0":47},"f":{"0":47},"b":{"0":[6,41]}}
,"C:/BestInQuest-Web/src/components/Main/Main.jsx": {"path":"C:/BestInQuest-Web/src/components/Main/Main.jsx","statementMap":{"0":{"start":{"line":10,"column":18},"end":{"line":10,"column":null}},"1":{"start":{"line":11,"column":2},"end":{"line":13,"column":null}},"2":{"start":{"line":12,"column":4},"end":{"line":12,"column":null}},"3":{"start":{"line":15,"column":2},"end":{"line":54,"column":null}}},"fnMap":{"0":{"name":"Main","decl":{"start":{"line":8,"column":24},"end":{"line":8,"column":29}},"loc":{"start":{"line":8,"column":90},"end":{"line":56,"column":null}}}},"branchMap":{"0":{"loc":{"start":{"line":11,"column":2},"end":{"line":13,"column":null}},"type":"if","locations":[{"start":{"line":11,"column":2},"end":{"line":13,"column":null}},{"start":{"line":11,"column":2},"end":{"line":13,"column":null}}]},"1":{"loc":{"start":{"line":11,"column":6},"end":{"line":11,"column":79}},"type":"binary-expr","locations":[{"start":{"line":11,"column":6},"end":{"line":11,"column":30}},{"start":{"line":11,"column":30},"end":{"line":11,"column":57}},{"start":{"line":11,"column":57},"end":{"line":11,"column":79}}]},"2":{"loc":{"start":{"line":18,"column":7},"end":{"line":18,"column":null}},"type":"binary-expr","locations":[{"start":{"line":18,"column":7},"end":{"line":18,"column":20}},{"start":{"line":18,"column":20},"end":{"line":18,"column":null}}]},"3":{"loc":{"start":{"line":20,"column":7},"end":{"line":24,"column":null}},"type":"binary-expr","locations":[{"start":{"line":20,"column":7},"end":{"line":20,"column":null}},{"start":{"line":21,"column":8},"end":{"line":24,"column":null}}]},"4":{"loc":{"start":{"line":26,"column":7},"end":{"line":26,"column":null}},"type":"binary-expr","locations":[{"start":{"line":26,"column":7},"end":{"line":26,"column":31}},{"start":{"line":26,"column":31},"end":{"line":26,"column":null}}]},"5":{"loc":{"start":{"line":27,"column":7},"end":{"line":27,"column":null}},"type":"binary-expr","locations":[{"start":{"line":27,"column":7},"end":{"line":27,"column":34}},{"start":{"line":27,"column":34},"end":{"line":27,"column":null}}]},"6":{"loc":{"start":{"line":28,"column":7},"end":{"line":28,"column":44}},"type":"binary-expr","locations":[{"start":{"line":28,"column":7},"end":{"line":28,"column":31}},{"start":{"line":28,"column":31},"end":{"line":28,"column":44}}]},"7":{"loc":{"start":{"line":31,"column":7},"end":{"line":35,"column":null}},"type":"binary-expr","locations":[{"start":{"line":31,"column":7},"end":{"line":31,"column":null}},{"start":{"line":32,"column":8},"end":{"line":35,"column":null}}]},"8":{"loc":{"start":{"line":42,"column":7},"end":{"line":46,"column":null}},"type":"binary-expr","locations":[{"start":{"line":42,"column":7},"end":{"line":42,"column":null}},{"start":{"line":43,"column":8},"end":{"line":46,"column":null}}]},"9":{"loc":{"start":{"line":48,"column":7},"end":{"line":52,"column":null}},"type":"binary-expr","locations":[{"start":{"line":48,"column":7},"end":{"line":48,"column":null}},{"start":{"line":49,"column":8},"end":{"line":52,"column":null}}]}},"s":{"0":12,"1":12,"2":6,"3":12},"f":{"0":12},"b":{"0":[6,6],"1":[12,10,8],"2":[12,6],"3":[12,3],"4":[12,2],"5":[12,2],"6":[12,2],"7":[12,1],"8":[12,1],"9":[12,1]}}
,"C:/BestInQuest-Web/src/components/Main/Header/Header.jsx": {"path":"C:/BestInQuest-Web/src/components/Main/Header/Header.jsx","statementMap":{"0":{"start":{"line":4,"column":24},"end":{"line":4,"column":null}},"1":{"start":{"line":16,"column":42},"end":{"line":16,"column":null}},"2":{"start":{"line":17,"column":18},"end":{"line":17,"column":null}},"3":{"start":{"line":19,"column":2},"end":{"line":25,"column":null}},"4":{"start":{"line":20,"column":21},"end":{"line":20,"column":null}},"5":{"start":{"line":20,"column":39},"end":{"line":20,"column":67}},"6":{"start":{"line":22,"column":4},"end":{"line":24,"column":null}},"7":{"start":{"line":23,"column":6},"end":{"line":23,"column":null}},"8":{"start":{"line":27,"column":2},"end":{"line":31,"column":null}}},"fnMap":{"0":{"name":"Header","decl":{"start":{"line":15,"column":24},"end":{"line":15,"column":31}},"loc":{"start":{"line":15,"column":42},"end":{"line":33,"column":null}}},"1":{"name":"(anonymous_1)","decl":{"start":{"line":19,"column":12},"end":{"line":19,"column":18}},"loc":{"start":{"line":19,"column":18},"end":{"line":25,"column":5}}},"2":{"name":"(anonymous_2)","decl":{"start":{"line":20,"column":33},"end":{"line":20,"column":39}},"loc":{"start":{"line":20,"column":39},"end":{"line":20,"column":67}}},"3":{"name":"(anonymous_3)","decl":{"start":{"line":22,"column":11},"end":{"line":22,"column":17}},"loc":{"start":{"line":22,"column":17},"end":{"line":24,"column":null}}}},"branchMap":{},"s":{"0":0,"1":0,"2":0,"3":0,"4":0,"5":0,"6":0,"7":0,"8":0},"f":{"0":0,"1":0,"2":0,"3":0},"b":{}}
,"C:/BestInQuest-Web/src/components/Main/ProjectList/ProjectList.jsx": {"path":"C:/BestInQuest-Web/src/components/Main/ProjectList/ProjectList.jsx","statementMap":{"0":{"start":{"line":5,"column":19},"end":{"line":9,"column":null}},"1":{"start":{"line":11,"column":2},"end":{"line":23,"column":null}},"2":{"start":{"line":16,"column":10},"end":{"line":19,"column":null}}},"fnMap":{"0":{"name":"ProjectList","decl":{"start":{"line":4,"column":24},"end":{"line":4,"column":38}},"loc":{"start":{"line":4,"column":38},"end":{"line":25,"column":1}}},"1":{"name":"(anonymous_1)","decl":{"start":{"line":15,"column":22},"end":{"line":15,"column":null}},"loc":{"start":{"line":16,"column":10},"end":{"line":19,"column":null}}}},"branchMap":{},"s":{"0":0,"1":0,"2":0},"f":{"0":0,"1":0},"b":{}}
,"C:/BestInQuest-Web/src/components/Main/Task/Task.jsx": {"path":"C:/BestInQuest-Web/src/components/Main/Task/Task.jsx","statementMap":{"0":{"start":{"line":26,"column":22},"end":{"line":43,"column":null}},"1":{"start":{"line":39,"column":4},"end":{"line":40,"column":null}},"2":{"start":{"line":46,"column":17},"end":{"line":59,"column":null}},"3":{"start":{"line":56,"column":4},"end":{"line":57,"column":null}},"4":{"start":{"line":66,"column":21},"end":{"line":66,"column":null}},"5":{"start":{"line":75,"column":23},"end":{"line":75,"column":null}},"6":{"start":{"line":95,"column":24},"end":{"line":105,"column":null}},"7":{"start":{"line":96,"column":2},"end":{"line":104,"column":null}},"8":{"start":{"line":97,"column":18},"end":{"line":97,"column":null}},"9":{"start":{"line":98,"column":17},"end":{"line":98,"column":null}},"10":{"start":{"line":99,"column":29},"end":{"line":99,"column":null}},"11":{"start":{"line":103,"column":13},"end":{"line":103,"column":null}},"12":{"start":{"line":109,"column":26},"end":{"line":109,"column":null}},"13":{"start":{"line":110,"column":26},"end":{"line":110,"column":null}},"14":{"start":{"line":112,"column":31},"end":{"line":117,"column":null}},"15":{"start":{"line":113,"column":4},"end":{"line":113,"column":null}},"16":{"start":{"line":114,"column":4},"end":{"line":116,"column":null}},"17":{"start":{"line":115,"column":6},"end":{"line":115,"column":null}},"18":{"start":{"line":119,"column":23},"end":{"line":124,"column":null}},"19":{"start":{"line":120,"column":4},"end":{"line":120,"column":null}},"20":{"start":{"line":121,"column":4},"end":{"line":123,"column":null}},"21":{"start":{"line":122,"column":6},"end":{"line":122,"column":null}},"22":{"start":{"line":126,"column":30},"end":{"line":130,"column":null}},"23":{"start":{"line":127,"column":4},"end":{"line":129,"column":null}},"24":{"start":{"line":128,"column":6},"end":{"line":128,"column":null}},"25":{"start":{"line":132,"column":26},"end":{"line":132,"column":null}},"26":{"start":{"line":135,"column":2},"end":{"line":139,"column":null}},"27":{"start":{"line":136,"column":4},"end":{"line":136,"column":null}},"28":{"start":{"line":138,"column":4},"end":{"line":138,"column":null}},"29":{"start":{"line":141,"column":27},"end":{"line":141,"column":null}},"30":{"start":{"line":142,"column":21},"end":{"line":142,"column":null}},"31":{"start":{"line":143,"column":23},"end":{"line":143,"column":null}},"32":{"start":{"line":145,"column":25},"end":{"line":155,"column":null}},"33":{"start":{"line":146,"column":4},"end":{"line":146,"column":null}},"34":{"start":{"line":146,"column":21},"end":{"line":146,"column":null}},"35":{"start":{"line":147,"column":4},"end":{"line":154,"column":null}},"36":{"start":{"line":148,"column":6},"end":{"line":150,"column":null}},"37":{"start":{"line":152,"column":6},"end":{"line":152,"column":null}},"38":{"start":{"line":153,"column":6},"end":{"line":153,"column":null}},"39":{"start":{"line":157,"column":29},"end":{"line":179,"column":null}},"40":{"start":{"line":158,"column":4},"end":{"line":160,"column":null}},"41":{"start":{"line":159,"column":6},"end":{"line":159,"column":null}},"42":{"start":{"line":162,"column":4},"end":{"line":164,"column":null}},"43":{"start":{"line":163,"column":6},"end":{"line":163,"column":null}},"44":{"start":{"line":166,"column":18},"end":{"line":166,"column":null}},"45":{"start":{"line":167,"column":29},"end":{"line":167,"column":null}},"46":{"start":{"line":168,"column":20},"end":{"line":168,"column":null}},"47":{"start":{"line":170,"column":4},"end":{"line":178,"column":null}},"48":{"start":{"line":171,"column":6},"end":{"line":175,"column":null}},"49":{"start":{"line":172,"column":8},"end":{"line":172,"column":null}},"50":{"start":{"line":174,"column":8},"end":{"line":174,"column":null}},"51":{"start":{"line":177,"column":6},"end":{"line":177,"column":null}},"52":{"start":{"line":181,"column":2},"end":{"line":226,"column":null}}},"fnMap":{"0":{"name":"(anonymous_0)","decl":{"start":{"line":38,"column":4},"end":{"line":38,"column":5}},"loc":{"start":{"line":39,"column":4},"end":{"line":40,"column":null}}},"1":{"name":"(anonymous_1)","decl":{"start":{"line":55,"column":4},"end":{"line":55,"column":5}},"loc":{"start":{"line":56,"column":4},"end":{"line":57,"column":null}}},"2":{"name":"(anonymous_2)","decl":{"start":{"line":95,"column":24},"end":{"line":95,"column":25}},"loc":{"start":{"line":95,"column":36},"end":{"line":105,"column":null}}},"3":{"name":"Task","decl":{"start":{"line":108,"column":24},"end":{"line":108,"column":29}},"loc":{"start":{"line":108,"column":82},"end":{"line":228,"column":null}}},"4":{"name":"(anonymous_4)","decl":{"start":{"line":112,"column":31},"end":{"line":112,"column":32}},"loc":{"start":{"line":112,"column":38},"end":{"line":117,"column":null}}},"5":{"name":"(anonymous_5)","decl":{"start":{"line":119,"column":23},"end":{"line":119,"column":24}},"loc":{"start":{"line":119,"column":30},"end":{"line":124,"column":null}}},"6":{"name":"(anonymous_6)","decl":{"start":{"line":126,"column":30},"end":{"line":126,"column":36}},"loc":{"start":{"line":126,"column":36},"end":{"line":130,"column":null}}},"7":{"name":"(anonymous_7)","decl":{"start":{"line":145,"column":25},"end":{"line":145,"column":26}},"loc":{"start":{"line":145,"column":41},"end":{"line":155,"column":null}}},"8":{"name":"(anonymous_8)","decl":{"start":{"line":157,"column":29},"end":{"line":157,"column":30}},"loc":{"start":{"line":157,"column":42},"end":{"line":179,"column":null}}}},"branchMap":{"0":{"loc":{"start":{"line":39,"column":4},"end":{"line":40,"column":null}},"type":"binary-expr","locations":[{"start":{"line":39,"column":4},"end":{"line":39,"column":null}},{"start":{"line":40,"column":4},"end":{"line":40,"column":null}}]},"1":{"loc":{"start":{"line":56,"column":4},"end":{"line":57,"column":null}},"type":"binary-expr","locations":[{"start":{"line":56,"column":4},"end":{"line":56,"column":null}},{"start":{"line":57,"column":4},"end":{"line":57,"column":null}}]},"2":{"loc":{"start":{"line":96,"column":2},"end":{"line":104,"column":null}},"type":"switch","locations":[{"start":{"line":97,"column":4},"end":{"line":97,"column":null}},{"start":{"line":98,"column":4},"end":{"line":98,"column":null}},{"start":{"line":99,"column":4},"end":{"line":99,"column":null}},{"start":{"line":103,"column":4},"end":{"line":103,"column":null}}]},"3":{"loc":{"start":{"line":114,"column":4},"end":{"line":116,"column":null}},"type":"if","locations":[{"start":{"line":114,"column":4},"end":{"line":116,"column":null}},{"start":{"line":114,"column":4},"end":{"line":116,"column":null}}]},"4":{"loc":{"start":{"line":121,"column":4},"end":{"line":123,"column":null}},"type":"if","locations":[{"start":{"line":121,"column":4},"end":{"line":123,"column":null}},{"start":{"line":121,"column":4},"end":{"line":123,"column":null}}]},"5":{"loc":{"start":{"line":127,"column":4},"end":{"line":129,"column":null}},"type":"if","locations":[{"start":{"line":127,"column":4},"end":{"line":129,"column":null}},{"start":{"line":127,"column":4},"end":{"line":129,"column":null}}]},"6":{"loc":{"start":{"line":132,"column":26},"end":{"line":132,"column":null}},"type":"cond-expr","locations":[{"start":{"line":132,"column":44},"end":{"line":132,"column":64}},{"start":{"line":132,"column":64},"end":{"line":132,"column":null}}]},"7":{"loc":{"start":{"line":135,"column":2},"end":{"line":139,"column":null}},"type":"if","locations":[{"start":{"line":135,"column":2},"end":{"line":139,"column":null}},{"start":{"line":137,"column":9},"end":{"line":139,"column":null}}]},"8":{"loc":{"start":{"line":136,"column":22},"end":{"line":136,"column":null}},"type":"cond-expr","locations":[{"start":{"line":136,"column":40},"end":{"line":136,"column":67}},{"start":{"line":136,"column":67},"end":{"line":136,"column":null}}]},"9":{"loc":{"start":{"line":138,"column":22},"end":{"line":138,"column":null}},"type":"cond-expr","locations":[{"start":{"line":138,"column":40},"end":{"line":138,"column":65}},{"start":{"line":138,"column":65},"end":{"line":138,"column":null}}]},"10":{"loc":{"start":{"line":141,"column":27},"end":{"line":141,"column":null}},"type":"cond-expr","locations":[{"start":{"line":141,"column":45},"end":{"line":141,"column":66}},{"start":{"line":141,"column":66},"end":{"line":141,"column":null}}]},"11":{"loc":{"start":{"line":142,"column":21},"end":{"line":142,"column":null}},"type":"binary-expr","locations":[{"start":{"line":142,"column":21},"end":{"line":142,"column":42}},{"start":{"line":142,"column":42},"end":{"line":142,"column":null}}]},"12":{"loc":{"start":{"line":143,"column":23},"end":{"line":143,"column":null}},"type":"binary-expr","locations":[{"start":{"line":143,"column":23},"end":{"line":143,"column":46}},{"start":{"line":143,"column":46},"end":{"line":143,"column":null}}]},"13":{"loc":{"start":{"line":146,"column":4},"end":{"line":146,"column":null}},"type":"if","locations":[{"start":{"line":146,"column":4},"end":{"line":146,"column":null}},{"start":{"line":146,"column":4},"end":{"line":146,"column":null}}]},"14":{"loc":{"start":{"line":158,"column":4},"end":{"line":160,"column":null}},"type":"if","locations":[{"start":{"line":158,"column":4},"end":{"line":160,"column":null}},{"start":{"line":158,"column":4},"end":{"line":160,"column":null}}]},"15":{"loc":{"start":{"line":158,"column":8},"end":{"line":158,"column":70}},"type":"binary-expr","locations":[{"start":{"line":158,"column":8},"end":{"line":158,"column":39}},{"start":{"line":158,"column":39},"end":{"line":158,"column":57}},{"start":{"line":158,"column":57},"end":{"line":158,"column":70}}]},"16":{"loc":{"start":{"line":162,"column":4},"end":{"line":164,"column":null}},"type":"if","locations":[{"start":{"line":162,"column":4},"end":{"line":164,"column":null}},{"start":{"line":162,"column":4},"end":{"line":164,"column":null}}]},"17":{"loc":{"start":{"line":170,"column":4},"end":{"line":178,"column":null}},"type":"if","locations":[{"start":{"line":170,"column":4},"end":{"line":178,"column":null}},{"start":{"line":176,"column":11},"end":{"line":178,"column":null}}]},"18":{"loc":{"start":{"line":171,"column":6},"end":{"line":175,"column":null}},"type":"if","locations":[{"start":{"line":171,"column":6},"end":{"line":175,"column":null}},{"start":{"line":173,"column":13},"end":{"line":175,"column":null}}]},"19":{"loc":{"start":{"line":192,"column":39},"end":{"line":192,"column":68}},"type":"binary-expr","locations":[{"start":{"line":192,"column":39},"end":{"line":192,"column":53}},{"start":{"line":192,"column":53},"end":{"line":192,"column":68}}]},"20":{"loc":{"start":{"line":216,"column":59},"end":{"line":216,"column":83}},"type":"binary-expr","locations":[{"start":{"line":216,"column":59},"end":{"line":216,"column":74}},{"start":{"line":216,"column":74},"end":{"line":216,"column":83}}]},"21":{"loc":{"start":{"line":217,"column":21},"end":{"line":217,"column":49}},"type":"binary-expr","locations":[{"start":{"line":217,"column":21},"end":{"line":217,"column":36}},{"start":{"line":217,"column":36},"end":{"line":217,"column":49}}]}},"s":{"0":1,"1":23,"2":1,"3":23,"4":1,"5":1,"6":1,"7":23,"8":1,"9":19,"10":1,"11":2,"12":23,"13":23,"14":23,"15":1,"16":1,"17":1,"18":23,"19":2,"20":2,"21":1,"22":23,"23":2,"24":1,"25":23,"26":23,"27":2,"28":21,"29":23,"30":23,"31":23,"32":23,"33":46,"34":2,"35":44,"36":44,"37":0,"38":0,"39":23,"40":46,"41":2,"42":46,"43":6,"44":40,"45":40,"46":40,"47":40,"48":6,"49":2,"50":4,"51":34,"52":23},"f":{"0":23,"1":23,"2":23,"3":23,"4":1,"5":2,"6":2,"7":46,"8":46},"b":{"0":[23,2],"1":[23,2],"2":[1,19,1,2],"3":[1,0],"4":[1,1],"5":[1,1],"6":[2,21],"7":[2,21],"8":[1,1],"9":[1,20],"10":[2,21],"11":[23,1],"12":[23,1],"13":[2,44],"14":[2,44],"15":[46,44,44],"16":[6,40],"17":[6,34],"18":[2,4],"19":[23,1],"20":[23,1],"21":[23,1]}}
,"C:/BestInQuest-Web/src/components/Main/TaskList/TaskList.jsx": {"path":"C:/BestInQuest-Web/src/components/Main/TaskList/TaskList.jsx","statementMap":{"0":{"start":{"line":4,"column":26},"end":{"line":4,"column":null}},"1":{"start":{"line":13,"column":23},"end":{"line":13,"column":null}},"2":{"start":{"line":21,"column":30},"end":{"line":23,"column":null}},"3":{"start":{"line":22,"column":4},"end":{"line":22,"column":null}},"4":{"start":{"line":25,"column":29},"end":{"line":71,"column":null}},"5":{"start":{"line":26,"column":22},"end":{"line":26,"column":null}},"6":{"start":{"line":27,"column":4},"end":{"line":27,"column":null}},"7":{"start":{"line":29,"column":4},"end":{"line":35,"column":null}},"8":{"start":{"line":30,"column":8},"end":{"line":34,"column":null}},"9":{"start":{"line":31,"column":10},"end":{"line":33,"column":null}},"10":{"start":{"line":32,"column":12},"end":{"line":32,"column":null}},"11":{"start":{"line":37,"column":25},"end":{"line":37,"column":null}},"12":{"start":{"line":37,"column":41},"end":{"line":37,"column":56}},"13":{"start":{"line":38,"column":4},"end":{"line":70,"column":null}},"14":{"start":{"line":38,"column":40},"end":{"line":38,"column":55}},"15":{"start":{"line":39,"column":6},"end":{"line":67,"column":null}},"16":{"start":{"line":40,"column":25},"end":{"line":44,"column":null}},"17":{"start":{"line":45,"column":8},"end":{"line":48,"column":null}},"18":{"start":{"line":46,"column":28},"end":{"line":46,"column":null}},"19":{"start":{"line":47,"column":10},"end":{"line":47,"column":null}},"20":{"start":{"line":49,"column":28},"end":{"line":49,"column":null}},"21":{"start":{"line":50,"column":8},"end":{"line":56,"column":null}},"22":{"start":{"line":51,"column":11},"end":{"line":55,"column":null}},"23":{"start":{"line":52,"column":13},"end":{"line":54,"column":null}},"24":{"start":{"line":53,"column":15},"end":{"line":53,"column":null}},"25":{"start":{"line":57,"column":8},"end":{"line":57,"column":null}},"26":{"start":{"line":59,"column":8},"end":{"line":59,"column":null}},"27":{"start":{"line":60,"column":8},"end":{"line":66,"column":null}},"28":{"start":{"line":61,"column":12},"end":{"line":65,"column":null}},"29":{"start":{"line":62,"column":14},"end":{"line":64,"column":null}},"30":{"start":{"line":63,"column":16},"end":{"line":63,"column":null}},"31":{"start":{"line":69,"column":8},"end":{"line":69,"column":null}},"32":{"start":{"line":73,"column":2},"end":{"line":75,"column":null}},"33":{"start":{"line":74,"column":4},"end":{"line":74,"column":null}},"34":{"start":{"line":77,"column":2},"end":{"line":79,"column":null}},"35":{"start":{"line":78,"column":4},"end":{"line":78,"column":null}},"36":{"start":{"line":81,"column":2},"end":{"line":94,"column":null}},"37":{"start":{"line":85,"column":10},"end":{"line":91,"column":null}}},"fnMap":{"0":{"name":"TaskList","decl":{"start":{"line":20,"column":24},"end":{"line":20,"column":33}},"loc":{"start":{"line":20,"column":103},"end":{"line":96,"column":null}}},"1":{"name":"(anonymous_1)","decl":{"start":{"line":21,"column":30},"end":{"line":21,"column":31}},"loc":{"start":{"line":21,"column":42},"end":{"line":23,"column":null}}},"2":{"name":"(anonymous_2)","decl":{"start":{"line":25,"column":29},"end":{"line":25,"column":36}},"loc":{"start":{"line":25,"column":62},"end":{"line":71,"column":null}}},"3":{"name":"(anonymous_3)","decl":{"start":{"line":30,"column":17},"end":{"line":30,"column":null}},"loc":{"start":{"line":31,"column":10},"end":{"line":33,"column":null}}},"4":{"name":"(anonymous_4)","decl":{"start":{"line":31,"column":24},"end":{"line":31,"column":null}},"loc":{"start":{"line":32,"column":12},"end":{"line":32,"column":null}}},"5":{"name":"(anonymous_5)","decl":{"start":{"line":37,"column":36},"end":{"line":37,"column":41}},"loc":{"start":{"line":37,"column":41},"end":{"line":37,"column":56}}},"6":{"name":"(anonymous_6)","decl":{"start":{"line":38,"column":35},"end":{"line":38,"column":40}},"loc":{"start":{"line":38,"column":40},"end":{"line":38,"column":55}}},"7":{"name":"(anonymous_7)","decl":{"start":{"line":51,"column":20},"end":{"line":51,"column":null}},"loc":{"start":{"line":52,"column":13},"end":{"line":54,"column":null}}},"8":{"name":"(anonymous_8)","decl":{"start":{"line":52,"column":27},"end":{"line":52,"column":null}},"loc":{"start":{"line":53,"column":15},"end":{"line":53,"column":null}}},"9":{"name":"(anonymous_9)","decl":{"start":{"line":61,"column":21},"end":{"line":61,"column":null}},"loc":{"start":{"line":62,"column":14},"end":{"line":64,"column":null}}},"10":{"name":"(anonymous_10)","decl":{"start":{"line":62,"column":28},"end":{"line":62,"column":null}},"loc":{"start":{"line":63,"column":16},"end":{"line":63,"column":null}}},"11":{"name":"(anonymous_11)","decl":{"start":{"line":84,"column":19},"end":{"line":84,"column":20}},"loc":{"start":{"line":85,"column":10},"end":{"line":91,"column":null}}}},"branchMap":{"0":{"loc":{"start":{"line":26,"column":22},"end":{"line":26,"column":null}},"type":"cond-expr","locations":[{"start":{"line":26,"column":64},"end":{"line":26,"column":72}},{"start":{"line":26,"column":72},"end":{"line":26,"column":null}}]},"1":{"loc":{"start":{"line":29,"column":4},"end":{"line":35,"column":null}},"type":"if","locations":[{"start":{"line":29,"column":4},"end":{"line":35,"column":null}},{"start":{"line":29,"column":4},"end":{"line":35,"column":null}}]},"2":{"loc":{"start":{"line":32,"column":12},"end":{"line":32,"column":null}},"type":"cond-expr","locations":[{"start":{"line":32,"column":33},"end":{"line":32,"column":80}},{"start":{"line":32,"column":80},"end":{"line":32,"column":null}}]},"3":{"loc":{"start":{"line":38,"column":4},"end":{"line":70,"column":null}},"type":"if","locations":[{"start":{"line":38,"column":4},"end":{"line":70,"column":null}},{"start":{"line":68,"column":11},"end":{"line":70,"column":null}}]},"4":{"loc":{"start":{"line":38,"column":8},"end":{"line":38,"column":70}},"type":"binary-expr","locations":[{"start":{"line":38,"column":8},"end":{"line":38,"column":24}},{"start":{"line":38,"column":24},"end":{"line":38,"column":70}}]},"5":{"loc":{"start":{"line":45,"column":8},"end":{"line":48,"column":null}},"type":"if","locations":[{"start":{"line":45,"column":8},"end":{"line":48,"column":null}},{"start":{"line":45,"column":8},"end":{"line":48,"column":null}}]},"6":{"loc":{"start":{"line":50,"column":8},"end":{"line":56,"column":null}},"type":"if","locations":[{"start":{"line":50,"column":8},"end":{"line":56,"column":null}},{"start":{"line":50,"column":8},"end":{"line":56,"column":null}}]},"7":{"loc":{"start":{"line":53,"column":15},"end":{"line":53,"column":null}},"type":"cond-expr","locations":[{"start":{"line":53,"column":44},"end":{"line":53,"column":58}},{"start":{"line":53,"column":58},"end":{"line":53,"column":null}}]},"8":{"loc":{"start":{"line":60,"column":8},"end":{"line":66,"column":null}},"type":"if","locations":[{"start":{"line":60,"column":8},"end":{"line":66,"column":null}},{"start":{"line":60,"column":8},"end":{"line":66,"column":null}}]},"9":{"loc":{"start":{"line":63,"column":16},"end":{"line":63,"column":null}},"type":"cond-expr","locations":[{"start":{"line":63,"column":37},"end":{"line":63,"column":88}},{"start":{"line":63,"column":88},"end":{"line":63,"column":null}}]},"10":{"loc":{"start":{"line":73,"column":2},"end":{"line":75,"column":null}},"type":"if","locations":[{"start":{"line":73,"column":2},"end":{"line":75,"column":null}},{"start":{"line":73,"column":2},"end":{"line":75,"column":null}}]},"11":{"loc":{"start":{"line":77,"column":2},"end":{"line":79,"column":null}},"type":"if","locations":[{"start":{"line":77,"column":2},"end":{"line":79,"column":null}},{"start":{"line":77,"column":2},"end":{"line":79,"column":null}}]}},"s":{"0":0,"1":0,"2":0,"3":0,"4":0,"5":0,"6":0,"7":0,"8":0,"9":0,"10":0,"11":0,"12":0,"13":0,"14":0,"15":0,"16":0,"17":0,"18":0,"19":0,"20":0,"21":0,"22":0,"23":0,"24":0,"25":0,"26":0,"27":0,"28":0,"29":0,"30":0,"31":0,"32":0,"33":0,"34":0,"35":0,"36":0,"37":0},"f":{"0":0,"1":0,"2":0,"3":0,"4":0,"5":0,"6":0,"7":0,"8":0,"9":0,"10":0,"11":0},"b":{"0":[0,0],"1":[0,0],"2":[0,0],"3":[0,0],"4":[0,0],"5":[0,0],"6":[0,0],"7":[0,0],"8":[0,0],"9":[0,0],"10":[0,0],"11":[0,0]}}
,"C:/BestInQuest-Web/src/components/Modal/Modal.jsx": {"path":"C:/BestInQuest-Web/src/components/Modal/Modal.jsx","statementMap":{"0":{"start":{"line":7,"column":17},"end":{"line":7,"column":null}},"1":{"start":{"line":9,"column":2},"end":{"line":18,"column":null}},"2":{"start":{"line":10,"column":18},"end":{"line":10,"column":null}},"3":{"start":{"line":11,"column":4},"end":{"line":17,"column":null}},"4":{"start":{"line":12,"column":8},"end":{"line":12,"column":null}},"5":{"start":{"line":14,"column":8},"end":{"line":16,"column":null}},"6":{"start":{"line":15,"column":12},"end":{"line":15,"column":null}},"7":{"start":{"line":20,"column":2},"end":{"line":34,"column":null}},"8":{"start":{"line":21,"column":18},"end":{"line":21,"column":null}},"9":{"start":{"line":23,"column":30},"end":{"line":27,"column":null}},"10":{"start":{"line":24,"column":6},"end":{"line":26,"column":null}},"11":{"start":{"line":25,"column":8},"end":{"line":25,"column":null}},"12":{"start":{"line":29,"column":4},"end":{"line":29,"column":null}},"13":{"start":{"line":31,"column":4},"end":{"line":33,"column":null}},"14":{"start":{"line":32,"column":6},"end":{"line":32,"column":null}},"15":{"start":{"line":36,"column":22},"end":{"line":36,"column":null}},"16":{"start":{"line":37,"column":2},"end":{"line":39,"column":null}},"17":{"start":{"line":38,"column":4},"end":{"line":38,"column":null}},"18":{"start":{"line":41,"column":2},"end":{"line":51,"column":null}}},"fnMap":{"0":{"name":"Modal","decl":{"start":{"line":6,"column":24},"end":{"line":6,"column":30}},"loc":{"start":{"line":6,"column":75},"end":{"line":53,"column":null}}},"1":{"name":"(anonymous_1)","decl":{"start":{"line":9,"column":12},"end":{"line":9,"column":18}},"loc":{"start":{"line":9,"column":18},"end":{"line":18,"column":5}}},"2":{"name":"(anonymous_2)","decl":{"start":{"line":20,"column":12},"end":{"line":20,"column":18}},"loc":{"start":{"line":20,"column":18},"end":{"line":34,"column":5}}},"3":{"name":"(anonymous_3)","decl":{"start":{"line":23,"column":30},"end":{"line":23,"column":36}},"loc":{"start":{"line":23,"column":36},"end":{"line":27,"column":null}}},"4":{"name":"(anonymous_4)","decl":{"start":{"line":31,"column":11},"end":{"line":31,"column":17}},"loc":{"start":{"line":31,"column":17},"end":{"line":33,"column":null}}}},"branchMap":{"0":{"loc":{"start":{"line":11,"column":4},"end":{"line":17,"column":null}},"type":"if","locations":[{"start":{"line":11,"column":4},"end":{"line":17,"column":null}},{"start":{"line":13,"column":11},"end":{"line":17,"column":null}}]},"1":{"loc":{"start":{"line":14,"column":8},"end":{"line":16,"column":null}},"type":"if","locations":[{"start":{"line":14,"column":8},"end":{"line":16,"column":null}},{"start":{"line":14,"column":8},"end":{"line":16,"column":null}}]},"2":{"loc":{"start":{"line":24,"column":6},"end":{"line":26,"column":null}},"type":"if","locations":[{"start":{"line":24,"column":6},"end":{"line":26,"column":null}},{"start":{"line":24,"column":6},"end":{"line":26,"column":null}}]},"3":{"loc":{"start":{"line":24,"column":10},"end":{"line":24,"column":32}},"type":"binary-expr","locations":[{"start":{"line":24,"column":10},"end":{"line":24,"column":26}},{"start":{"line":24,"column":26},"end":{"line":24,"column":32}}]},"4":{"loc":{"start":{"line":37,"column":2},"end":{"line":39,"column":null}},"type":"if","locations":[{"start":{"line":37,"column":2},"end":{"line":39,"column":null}},{"start":{"line":37,"column":2},"end":{"line":39,"column":null}}]}},"s":{"0":8,"1":8,"2":8,"3":8,"4":6,"5":2,"6":1,"7":8,"8":8,"9":8,"10":1,"11":1,"12":8,"13":8,"14":8,"15":8,"16":8,"17":1,"18":8},"f":{"0":8,"1":8,"2":8,"3":1,"4":8},"b":{"0":[6,2],"1":[1,1],"2":[1,0],"3":[1,1],"4":[1,7]}}
,"C:/BestInQuest-Web/src/components/Sidebar/Sidebar.jsx": {"path":"C:/BestInQuest-Web/src/components/Sidebar/Sidebar.jsx","statementMap":{"0":{"start":{"line":6,"column":25},"end":{"line":6,"column":null}},"1":{"start":{"line":14,"column":19},"end":{"line":14,"column":null}},"2":{"start":{"line":16,"column":2},"end":{"line":28,"column":null}}},"fnMap":{"0":{"name":"Sidebar","decl":{"start":{"line":13,"column":24},"end":{"line":13,"column":32}},"loc":{"start":{"line":13,"column":97},"end":{"line":30,"column":null}}}},"branchMap":{},"s":{"0":1,"1":4,"2":4},"f":{"0":4},"b":{}}
,"C:/BestInQuest-Web/src/components/Sidebar/SidebarButton/SidebarButton.jsx": {"path":"C:/BestInQuest-Web/src/components/Sidebar/SidebarButton/SidebarButton.jsx","statementMap":{"0":{"start":{"line":9,"column":2},"end":{"line":22,"column":null}}},"fnMap":{"0":{"name":"SidebarButton","decl":{"start":{"line":8,"column":24},"end":{"line":8,"column":38}},"loc":{"start":{"line":8,"column":83},"end":{"line":24,"column":null}}}},"branchMap":{"0":{"loc":{"start":{"line":13,"column":8},"end":{"line":16,"column":null}},"type":"cond-expr","locations":[{"start":{"line":14,"column":10},"end":{"line":14,"column":null}},{"start":{"line":16,"column":10},"end":{"line":16,"column":null}}]},"1":{"loc":{"start":{"line":14,"column":10},"end":{"line":14,"column":null}},"type":"cond-expr","locations":[{"start":{"line":14,"column":21},"end":{"line":14,"column":39}},{"start":{"line":14,"column":39},"end":{"line":14,"column":null}}]},"2":{"loc":{"start":{"line":16,"column":10},"end":{"line":16,"column":null}},"type":"cond-expr","locations":[{"start":{"line":16,"column":21},"end":{"line":16,"column":39}},{"start":{"line":16,"column":39},"end":{"line":16,"column":null}}]},"3":{"loc":{"start":{"line":20,"column":8},"end":{"line":20,"column":null}},"type":"cond-expr","locations":[{"start":{"line":20,"column":35},"end":{"line":20,"column":50}},{"start":{"line":20,"column":50},"end":{"line":20,"column":null}}]}},"s":{"0":50},"f":{"0":50},"b":{"0":[14,36],"1":[1,13],"2":[4,32],"3":[14,36]}}
,"C:/BestInQuest-Web/src/components/Sidebar/SidebarMenu/SidebarMenu.jsx": {"path":"C:/BestInQuest-Web/src/components/Sidebar/SidebarMenu/SidebarMenu.jsx","statementMap":{"0":{"start":{"line":4,"column":29},"end":{"line":4,"column":null}},"1":{"start":{"line":11,"column":2},"end":{"line":23,"column":null}},"2":{"start":{"line":14,"column":8},"end":{"line":21,"column":null}},"3":{"start":{"line":17,"column":25},"end":{"line":17,"column":null}}},"fnMap":{"0":{"name":"SidebarMenu","decl":{"start":{"line":10,"column":24},"end":{"line":10,"column":36}},"loc":{"start":{"line":10,"column":69},"end":{"line":25,"column":null}}},"1":{"name":"(anonymous_1)","decl":{"start":{"line":13,"column":21},"end":{"line":13,"column":22}},"loc":{"start":{"line":14,"column":8},"end":{"line":21,"column":null}}},"2":{"name":"(anonymous_2)","decl":{"start":{"line":17,"column":19},"end":{"line":17,"column":25}},"loc":{"start":{"line":17,"column":25},"end":{"line":17,"column":null}}}},"branchMap":{"0":{"loc":{"start":{"line":18,"column":22},"end":{"line":18,"column":null}},"type":"cond-expr","locations":[{"start":{"line":18,"column":51},"end":{"line":18,"column":63}},{"start":{"line":18,"column":63},"end":{"line":18,"column":null}}]}},"s":{"0":2,"1":11,"2":40,"3":3},"f":{"0":11,"1":40,"2":3},"b":{"0":[10,30]}}
,"C:/BestInQuest-Web/src/components/Sidebar/SidebarUserProfile/SidebarUserProfile.jsx": {"path":"C:/BestInQuest-Web/src/components/Sidebar/SidebarUserProfile/SidebarUserProfile.jsx","statementMap":{"0":{"start":{"line":6,"column":27},"end":{"line":17,"column":null}},"1":{"start":{"line":12,"column":35},"end":{"line":12,"column":66}},"2":{"start":{"line":17,"column":43},"end":{"line":17,"column":76}},"3":{"start":{"line":21,"column":17},"end":{"line":21,"column":null}},"4":{"start":{"line":35,"column":18},"end":{"line":35,"column":null}},"5":{"start":{"line":42,"column":18},"end":{"line":42,"column":null}},"6":{"start":{"line":48,"column":28},"end":{"line":48,"column":null}},"7":{"start":{"line":62,"column":2},"end":{"line":71,"column":null}},"8":{"start":{"line":63,"column":4},"end":{"line":70,"column":null}},"9":{"start":{"line":73,"column":2},"end":{"line":93,"column":null}}},"fnMap":{"0":{"name":"(anonymous_0)","decl":{"start":{"line":12,"column":16},"end":{"line":12,"column":17}},"loc":{"start":{"line":12,"column":35},"end":{"line":12,"column":66}}},"1":{"name":"(anonymous_1)","decl":{"start":{"line":17,"column":24},"end":{"line":17,"column":25}},"loc":{"start":{"line":17,"column":43},"end":{"line":17,"column":76}}},"2":{"name":"SidebarUserProfile","decl":{"start":{"line":61,"column":24},"end":{"line":61,"column":43}},"loc":{"start":{"line":61,"column":72},"end":{"line":95,"column":null}}},"3":{"name":"(anonymous_3)","decl":{"start":{"line":67,"column":15},"end":{"line":67,"column":21}},"loc":{"start":{"line":67,"column":21},"end":{"line":67,"column":null}}}},"branchMap":{"0":{"loc":{"start":{"line":12,"column":35},"end":{"line":12,"column":66}},"type":"cond-expr","locations":[{"start":{"line":12,"column":47},"end":{"line":12,"column":59}},{"start":{"line":12,"column":59},"end":{"line":12,"column":66}}]},"1":{"loc":{"start":{"line":17,"column":43},"end":{"line":17,"column":76}},"type":"cond-expr","locations":[{"start":{"line":17,"column":55},"end":{"line":17,"column":67}},{"start":{"line":17,"column":67},"end":{"line":17,"column":76}}]},"2":{"loc":{"start":{"line":62,"column":2},"end":{"line":71,"column":null}},"type":"if","locations":[{"start":{"line":62,"column":2},"end":{"line":71,"column":null}},{"start":{"line":62,"column":2},"end":{"line":71,"column":null}}]},"3":{"loc":{"start":{"line":81,"column":18},"end":{"line":81,"column":52}},"type":"binary-expr","locations":[{"start":{"line":81,"column":18},"end":{"line":81,"column":33}},{"start":{"line":81,"column":33},"end":{"line":81,"column":52}}]},"4":{"loc":{"start":{"line":90,"column":22},"end":{"line":90,"column":35}},"type":"binary-expr","locations":[{"start":{"line":90,"column":22},"end":{"line":90,"column":33}},{"start":{"line":90,"column":33},"end":{"line":90,"column":35}}]}},"s":{"0":2,"1":11,"2":11,"3":2,"4":2,"5":2,"6":2,"7":11,"8":1,"9":10},"f":{"0":11,"1":11,"2":11,"3":0},"b":{"0":[1,10],"1":[1,10],"2":[1,10],"3":[10,1],"4":[10,1]}}
,"C:/BestInQuest-Web/src/contexts/TasksContext.jsx": {"path":"C:/BestInQuest-Web/src/contexts/TasksContext.jsx","statementMap":{"0":{"start":{"line":12,"column":21},"end":{"line":12,"column":null}},"1":{"start":{"line":15,"column":2},"end":{"line":15,"column":null}},"2":{"start":{"line":19,"column":34},"end":{"line":19,"column":null}},"3":{"start":{"line":20,"column":28},"end":{"line":20,"column":null}},"4":{"start":{"line":21,"column":36},"end":{"line":21,"column":null}},"5":{"start":{"line":22,"column":28},"end":{"line":22,"column":null}},"6":{"start":{"line":24,"column":20},"end":{"line":39,"column":null}},"7":{"start":{"line":25,"column":4},"end":{"line":25,"column":null}},"8":{"start":{"line":25,"column":17},"end":{"line":25,"column":null}},"9":{"start":{"line":26,"column":4},"end":{"line":26,"column":null}},"10":{"start":{"line":27,"column":4},"end":{"line":27,"column":null}},"11":{"start":{"line":28,"column":4},"end":{"line":38,"column":null}},"12":{"start":{"line":29,"column":23},"end":{"line":29,"column":null}},"13":{"start":{"line":30,"column":6},"end":{"line":30,"column":null}},"14":{"start":{"line":31,"column":6},"end":{"line":31,"column":null}},"15":{"start":{"line":33,"column":6},"end":{"line":33,"column":null}},"16":{"start":{"line":34,"column":6},"end":{"line":34,"column":null}},"17":{"start":{"line":35,"column":6},"end":{"line":35,"column":null}},"18":{"start":{"line":37,"column":6},"end":{"line":37,"column":null}},"19":{"start":{"line":41,"column":2},"end":{"line":53,"column":null}},"20":{"start":{"line":42,"column":4},"end":{"line":52,"column":null}},"21":{"start":{"line":43,"column":6},"end":{"line":43,"column":null}},"22":{"start":{"line":44,"column":4},"end":{"line":52,"column":null}},"23":{"start":{"line":45,"column":8},"end":{"line":45,"column":null}},"24":{"start":{"line":46,"column":8},"end":{"line":46,"column":null}},"25":{"start":{"line":47,"column":8},"end":{"line":47,"column":null}},"26":{"start":{"line":48,"column":4},"end":{"line":52,"column":null}},"27":{"start":{"line":49,"column":8},"end":{"line":49,"column":null}},"28":{"start":{"line":50,"column":8},"end":{"line":50,"column":null}},"29":{"start":{"line":51,"column":8},"end":{"line":51,"column":null}},"30":{"start":{"line":55,"column":18},"end":{"line":76,"column":null}},"31":{"start":{"line":56,"column":4},"end":{"line":58,"column":null}},"32":{"start":{"line":57,"column":6},"end":{"line":57,"column":null}},"33":{"start":{"line":60,"column":4},"end":{"line":60,"column":null}},"34":{"start":{"line":61,"column":4},"end":{"line":75,"column":null}},"35":{"start":{"line":62,"column":22},"end":{"line":62,"column":null}},"36":{"start":{"line":64,"column":6},"end":{"line":66,"column":null}},"37":{"start":{"line":64,"column":28},"end":{"line":64,"column":null}},"38":{"start":{"line":67,"column":6},"end":{"line":67,"column":null}},"39":{"start":{"line":68,"column":6},"end":{"line":68,"column":null}},"40":{"start":{"line":70,"column":6},"end":{"line":70,"column":null}},"41":{"start":{"line":71,"column":6},"end":{"line":71,"column":null}},"42":{"start":{"line":72,"column":6},"end":{"line":72,"column":null}},"43":{"start":{"line":78,"column":21},"end":{"line":109,"column":null}},"44":{"start":{"line":79,"column":4},"end":{"line":81,"column":null}},"45":{"start":{"line":80,"column":6},"end":{"line":80,"column":null}},"46":{"start":{"line":83,"column":4},"end":{"line":108,"column":null}},"47":{"start":{"line":84,"column":27},"end":{"line":84,"column":null}},"48":{"start":{"line":84,"column":43},"end":{"line":84,"column":58}},"49":{"start":{"line":85,"column":6},"end":{"line":85,"column":null}},"50":{"start":{"line":85,"column":25},"end":{"line":85,"column":null}},"51":{"start":{"line":87,"column":28},"end":{"line":92,"column":null}},"52":{"start":{"line":94,"column":26},"end":{"line":94,"column":null}},"53":{"start":{"line":95,"column":6},"end":{"line":99,"column":null}},"54":{"start":{"line":96,"column":8},"end":{"line":97,"column":null}},"55":{"start":{"line":97,"column":21},"end":{"line":97,"column":55}},"56":{"start":{"line":100,"column":6},"end":{"line":100,"column":null}},"57":{"start":{"line":101,"column":6},"end":{"line":101,"column":null}},"58":{"start":{"line":103,"column":6},"end":{"line":103,"column":null}},"59":{"start":{"line":104,"column":6},"end":{"line":104,"column":null}},"60":{"start":{"line":105,"column":6},"end":{"line":105,"column":null}},"61":{"start":{"line":111,"column":21},"end":{"line":127,"column":null}},"62":{"start":{"line":112,"column":4},"end":{"line":114,"column":null}},"63":{"start":{"line":113,"column":6},"end":{"line":113,"column":null}},"64":{"start":{"line":116,"column":4},"end":{"line":126,"column":null}},"65":{"start":{"line":117,"column":6},"end":{"line":117,"column":null}},"66":{"start":{"line":118,"column":6},"end":{"line":118,"column":null}},"67":{"start":{"line":118,"column":28},"end":{"line":118,"column":66}},"68":{"start":{"line":118,"column":50},"end":{"line":118,"column":65}},"69":{"start":{"line":119,"column":6},"end":{"line":119,"column":null}},"70":{"start":{"line":121,"column":6},"end":{"line":121,"column":null}},"71":{"start":{"line":122,"column":6},"end":{"line":122,"column":null}},"72":{"start":{"line":123,"column":6},"end":{"line":123,"column":null}},"73":{"start":{"line":129,"column":27},"end":{"line":171,"column":null}},"74":{"start":{"line":130,"column":4},"end":{"line":133,"column":null}},"75":{"start":{"line":131,"column":8},"end":{"line":131,"column":null}},"76":{"start":{"line":132,"column":8},"end":{"line":132,"column":null}},"77":{"start":{"line":134,"column":17},"end":{"line":134,"column":null}},"78":{"start":{"line":134,"column":33},"end":{"line":134,"column":48}},"79":{"start":{"line":135,"column":4},"end":{"line":138,"column":null}},"80":{"start":{"line":136,"column":8},"end":{"line":136,"column":null}},"81":{"start":{"line":137,"column":8},"end":{"line":137,"column":null}},"82":{"start":{"line":140,"column":31},"end":{"line":140,"column":null}},"83":{"start":{"line":141,"column":27},"end":{"line":143,"column":null}},"84":{"start":{"line":145,"column":26},"end":{"line":145,"column":null}},"85":{"start":{"line":145,"column":42},"end":{"line":145,"column":49}},"86":{"start":{"line":147,"column":4},"end":{"line":153,"column":null}},"87":{"start":{"line":148,"column":6},"end":{"line":151,"column":null}},"88":{"start":{"line":150,"column":10},"end":{"line":150,"column":null}},"89":{"start":{"line":155,"column":4},"end":{"line":170,"column":null}},"90":{"start":{"line":156,"column":6},"end":{"line":156,"column":null}},"91":{"start":{"line":157,"column":33},"end":{"line":157,"column":null}},"92":{"start":{"line":158,"column":33},"end":{"line":158,"column":null}},"93":{"start":{"line":160,"column":6},"end":{"line":164,"column":null}},"94":{"start":{"line":161,"column":8},"end":{"line":163,"column":null}},"95":{"start":{"line":162,"column":21},"end":{"line":162,"column":62}},"96":{"start":{"line":163,"column":26},"end":{"line":163,"column":73}},"97":{"start":{"line":165,"column":6},"end":{"line":165,"column":null}},"98":{"start":{"line":167,"column":6},"end":{"line":167,"column":null}},"99":{"start":{"line":168,"column":6},"end":{"line":168,"column":null}},"100":{"start":{"line":169,"column":6},"end":{"line":169,"column":null}},"101":{"start":{"line":169,"column":44},"end":{"line":169,"column":91}},"102":{"start":{"line":173,"column":16},"end":{"line":182,"column":null}},"103":{"start":{"line":181,"column":23},"end":{"line":181,"column":null}},"104":{"start":{"line":184,"column":2},"end":{"line":184,"column":null}}},"fnMap":{"0":{"name":"useTasks","decl":{"start":{"line":14,"column":16},"end":{"line":14,"column":27}},"loc":{"start":{"line":14,"column":27},"end":{"line":16,"column":null}}},"1":{"name":"TasksProvider","decl":{"start":{"line":18,"column":16},"end":{"line":18,"column":31}},"loc":{"start":{"line":18,"column":45},"end":{"line":185,"column":1}}},"2":{"name":"(anonymous_2)","decl":{"start":{"line":24,"column":32},"end":{"line":24,"column":39}},"loc":{"start":{"line":24,"column":50},"end":{"line":39,"column":5}}},"3":{"name":"(anonymous_3)","decl":{"start":{"line":41,"column":12},"end":{"line":41,"column":18}},"loc":{"start":{"line":41,"column":18},"end":{"line":53,"column":5}}},"4":{"name":"(anonymous_4)","decl":{"start":{"line":55,"column":18},"end":{"line":55,"column":25}},"loc":{"start":{"line":55,"column":46},"end":{"line":76,"column":null}}},"5":{"name":"(anonymous_5)","decl":{"start":{"line":64,"column":15},"end":{"line":64,"column":28}},"loc":{"start":{"line":64,"column":28},"end":{"line":64,"column":null}}},"6":{"name":"(anonymous_6)","decl":{"start":{"line":78,"column":21},"end":{"line":78,"column":28}},"loc":{"start":{"line":78,"column":57},"end":{"line":109,"column":null}}},"7":{"name":"(anonymous_7)","decl":{"start":{"line":84,"column":38},"end":{"line":84,"column":43}},"loc":{"start":{"line":84,"column":43},"end":{"line":84,"column":58}}},"8":{"name":"(anonymous_8)","decl":{"start":{"line":95,"column":15},"end":{"line":95,"column":null}},"loc":{"start":{"line":96,"column":8},"end":{"line":97,"column":null}}},"9":{"name":"(anonymous_9)","decl":{"start":{"line":97,"column":15},"end":{"line":97,"column":21}},"loc":{"start":{"line":97,"column":21},"end":{"line":97,"column":55}}},"10":{"name":"(anonymous_10)","decl":{"start":{"line":111,"column":21},"end":{"line":111,"column":28}},"loc":{"start":{"line":111,"column":39},"end":{"line":127,"column":null}}},"11":{"name":"(anonymous_11)","decl":{"start":{"line":118,"column":15},"end":{"line":118,"column":28}},"loc":{"start":{"line":118,"column":28},"end":{"line":118,"column":66}}},"12":{"name":"(anonymous_12)","decl":{"start":{"line":118,"column":45},"end":{"line":118,"column":50}},"loc":{"start":{"line":118,"column":50},"end":{"line":118,"column":65}}},"13":{"name":"(anonymous_13)","decl":{"start":{"line":129,"column":27},"end":{"line":129,"column":34}},"loc":{"start":{"line":129,"column":60},"end":{"line":171,"column":null}}},"14":{"name":"(anonymous_14)","decl":{"start":{"line":134,"column":28},"end":{"line":134,"column":33}},"loc":{"start":{"line":134,"column":33},"end":{"line":134,"column":48}}},"15":{"name":"(anonymous_15)","decl":{"start":{"line":145,"column":36},"end":{"line":145,"column":42}},"loc":{"start":{"line":145,"column":42},"end":{"line":145,"column":49}}},"16":{"name":"(anonymous_16)","decl":{"start":{"line":147,"column":13},"end":{"line":147,"column":null}},"loc":{"start":{"line":148,"column":6},"end":{"line":151,"column":null}}},"17":{"name":"(anonymous_17)","decl":{"start":{"line":149,"column":13},"end":{"line":149,"column":null}},"loc":{"start":{"line":150,"column":10},"end":{"line":150,"column":null}}},"18":{"name":"(anonymous_18)","decl":{"start":{"line":160,"column":15},"end":{"line":160,"column":null}},"loc":{"start":{"line":161,"column":8},"end":{"line":163,"column":null}}},"19":{"name":"(anonymous_19)","decl":{"start":{"line":162,"column":15},"end":{"line":162,"column":21}},"loc":{"start":{"line":162,"column":21},"end":{"line":162,"column":62}}},"20":{"name":"(anonymous_20)","decl":{"start":{"line":163,"column":16},"end":{"line":163,"column":17}},"loc":{"start":{"line":163,"column":26},"end":{"line":163,"column":73}}},"21":{"name":"(anonymous_21)","decl":{"start":{"line":169,"column":34},"end":{"line":169,"column":35}},"loc":{"start":{"line":169,"column":44},"end":{"line":169,"column":91}}},"22":{"name":"(anonymous_22)","decl":{"start":{"line":181,"column":17},"end":{"line":181,"column":23}},"loc":{"start":{"line":181,"column":23},"end":{"line":181,"column":null}}}},"branchMap":{"0":{"loc":{"start":{"line":25,"column":4},"end":{"line":25,"column":null}},"type":"if","locations":[{"start":{"line":25,"column":4},"end":{"line":25,"column":null}},{"start":{"line":25,"column":4},"end":{"line":25,"column":null}}]},"1":{"loc":{"start":{"line":42,"column":4},"end":{"line":52,"column":null}},"type":"if","locations":[{"start":{"line":42,"column":4},"end":{"line":52,"column":null}},{"start":{"line":44,"column":4},"end":{"line":52,"column":null}}]},"2":{"loc":{"start":{"line":42,"column":8},"end":{"line":42,"column":25}},"type":"binary-expr","locations":[{"start":{"line":42,"column":8},"end":{"line":42,"column":16}},{"start":{"line":42,"column":16},"end":{"line":42,"column":25}}]},"3":{"loc":{"start":{"line":44,"column":4},"end":{"line":52,"column":null}},"type":"if","locations":[{"start":{"line":44,"column":4},"end":{"line":52,"column":null}},{"start":{"line":48,"column":4},"end":{"line":52,"column":null}}]},"4":{"loc":{"start":{"line":44,"column":15},"end":{"line":44,"column":40}},"type":"binary-expr","locations":[{"start":{"line":44,"column":15},"end":{"line":44,"column":33}},{"start":{"line":44,"column":33},"end":{"line":44,"column":40}}]},"5":{"loc":{"start":{"line":48,"column":4},"end":{"line":52,"column":null}},"type":"if","locations":[{"start":{"line":48,"column":4},"end":{"line":52,"column":null}},{"start":{"line":48,"column":4},"end":{"line":52,"column":null}}]},"6":{"loc":{"start":{"line":56,"column":4},"end":{"line":58,"column":null}},"type":"if","locations":[{"start":{"line":56,"column":4},"end":{"line":58,"column":null}},{"start":{"line":56,"column":4},"end":{"line":58,"column":null}}]},"7":{"loc":{"start":{"line":56,"column":8},"end":{"line":56,"column":27}},"type":"binary-expr","locations":[{"start":{"line":56,"column":8},"end":{"line":56,"column":17}},{"start":{"line":56,"column":17},"end":{"line":56,"column":27}}]},"8":{"loc":{"start":{"line":79,"column":4},"end":{"line":81,"column":null}},"type":"if","locations":[{"start":{"line":79,"column":4},"end":{"line":81,"column":null}},{"start":{"line":79,"column":4},"end":{"line":81,"column":null}}]},"9":{"loc":{"start":{"line":79,"column":8},"end":{"line":79,"column":27}},"type":"binary-expr","locations":[{"start":{"line":79,"column":8},"end":{"line":79,"column":17}},{"start":{"line":79,"column":17},"end":{"line":79,"column":27}}]},"10":{"loc":{"start":{"line":85,"column":6},"end":{"line":85,"column":null}},"type":"if","locations":[{"start":{"line":85,"column":6},"end":{"line":85,"column":null}},{"start":{"line":85,"column":6},"end":{"line":85,"column":null}}]},"11":{"loc":{"start":{"line":97,"column":21},"end":{"line":97,"column":55}},"type":"cond-expr","locations":[{"start":{"line":97,"column":39},"end":{"line":97,"column":53}},{"start":{"line":97,"column":53},"end":{"line":97,"column":55}}]},"12":{"loc":{"start":{"line":112,"column":4},"end":{"line":114,"column":null}},"type":"if","locations":[{"start":{"line":112,"column":4},"end":{"line":114,"column":null}},{"start":{"line":112,"column":4},"end":{"line":114,"column":null}}]},"13":{"loc":{"start":{"line":112,"column":8},"end":{"line":112,"column":27}},"type":"binary-expr","locations":[{"start":{"line":112,"column":8},"end":{"line":112,"column":17}},{"start":{"line":112,"column":17},"end":{"line":112,"column":27}}]},"14":{"loc":{"start":{"line":130,"column":4},"end":{"line":133,"column":null}},"type":"if","locations":[{"start":{"line":130,"column":4},"end":{"line":133,"column":null}},{"start":{"line":130,"column":4},"end":{"line":133,"column":null}}]},"15":{"loc":{"start":{"line":130,"column":8},"end":{"line":130,"column":27}},"type":"binary-expr","locations":[{"start":{"line":130,"column":8},"end":{"line":130,"column":17}},{"start":{"line":130,"column":17},"end":{"line":130,"column":27}}]},"16":{"loc":{"start":{"line":135,"column":4},"end":{"line":138,"column":null}},"type":"if","locations":[{"start":{"line":135,"column":4},"end":{"line":138,"column":null}},{"start":{"line":135,"column":4},"end":{"line":138,"column":null}}]},"17":{"loc":{"start":{"line":141,"column":27},"end":{"line":143,"column":null}},"type":"cond-expr","locations":[{"start":{"line":142,"column":10},"end":{"line":142,"column":null}},{"start":{"line":143,"column":10},"end":{"line":143,"column":null}}]},"18":{"loc":{"start":{"line":150,"column":10},"end":{"line":150,"column":null}},"type":"cond-expr","locations":[{"start":{"line":150,"column":28},"end":{"line":150,"column":101}},{"start":{"line":150,"column":101},"end":{"line":150,"column":null}}]},"19":{"loc":{"start":{"line":162,"column":21},"end":{"line":162,"column":62}},"type":"cond-expr","locations":[{"start":{"line":162,"column":39},"end":{"line":162,"column":60}},{"start":{"line":162,"column":60},"end":{"line":162,"column":62}}]},"20":{"loc":{"start":{"line":181,"column":23},"end":{"line":181,"column":null}},"type":"binary-expr","locations":[{"start":{"line":181,"column":23},"end":{"line":181,"column":31}},{"start":{"line":181,"column":31},"end":{"line":181,"column":42}},{"start":{"line":181,"column":42},"end":{"line":181,"column":null}}]}},"s":{"0":1,"1":49,"2":49,"3":49,"4":49,"5":49,"6":49,"7":15,"8":0,"9":15,"10":15,"11":15,"12":15,"13":14,"14":14,"15":1,"16":1,"17":1,"18":15,"19":49,"20":21,"21":14,"22":7,"23":6,"24":6,"25":6,"26":1,"27":1,"28":1,"29":1,"30":49,"31":3,"32":1,"33":2,"34":2,"35":2,"36":1,"37":1,"38":1,"39":1,"40":1,"41":1,"42":1,"43":49,"44":4,"45":1,"46":3,"47":3,"48":4,"49":3,"50":1,"51":2,"52":2,"53":1,"54":1,"55":2,"56":1,"57":1,"58":2,"59":2,"60":2,"61":49,"62":3,"63":1,"64":2,"65":2,"66":1,"67":1,"68":2,"69":1,"70":1,"71":1,"72":1,"73":49,"74":4,"75":1,"76":1,"77":3,"78":4,"79":3,"80":1,"81":1,"82":2,"83":2,"84":2,"85":4,"86":2,"87":2,"88":4,"89":2,"90":2,"91":2,"92":2,"93":1,"94":1,"95":2,"96":1,"97":1,"98":1,"99":1,"100":1,"101":1,"102":49,"103":2,"104":49},"f":{"0":49,"1":49,"2":15,"3":21,"4":3,"5":1,"6":4,"7":4,"8":1,"9":2,"10":3,"11":1,"12":2,"13":4,"14":4,"15":4,"16":2,"17":4,"18":1,"19":2,"20":1,"21":1,"22":2},"b":{"0":[0,15],"1":[14,7],"2":[21,14],"3":[6,1],"4":[7,6],"5":[1,0],"6":[1,2],"7":[3,2],"8":[1,3],"9":[4,3],"10":[1,2],"11":[1,1],"12":[1,2],"13":[3,2],"14":[1,3],"15":[4,3],"16":[1,2],"17":[0,2],"18":[2,2],"19":[1,1],"20":[2,1,1]}}
,"C:/BestInQuest-Web/src/contexts/UserContext.jsx": {"path":"C:/BestInQuest-Web/src/contexts/UserContext.jsx","statementMap":{"0":{"start":{"line":6,"column":20},"end":{"line":6,"column":null}},"1":{"start":{"line":7,"column":28},"end":{"line":7,"column":null}},"2":{"start":{"line":10,"column":18},"end":{"line":10,"column":null}},"3":{"start":{"line":11,"column":2},"end":{"line":13,"column":null}},"4":{"start":{"line":12,"column":4},"end":{"line":12,"column":null}},"5":{"start":{"line":14,"column":2},"end":{"line":14,"column":null}},"6":{"start":{"line":18,"column":26},"end":{"line":18,"column":null}},"7":{"start":{"line":19,"column":44},"end":{"line":19,"column":null}},"8":{"start":{"line":20,"column":36},"end":{"line":20,"column":null}},"9":{"start":{"line":23,"column":2},"end":{"line":46,"column":null}},"10":{"start":{"line":24,"column":34},"end":{"line":43,"column":null}},"11":{"start":{"line":25,"column":6},"end":{"line":25,"column":null}},"12":{"start":{"line":26,"column":6},"end":{"line":26,"column":null}},"13":{"start":{"line":27,"column":27},"end":{"line":27,"column":null}},"14":{"start":{"line":29,"column":6},"end":{"line":41,"column":null}},"15":{"start":{"line":30,"column":8},"end":{"line":40,"column":null}},"16":{"start":{"line":31,"column":10},"end":{"line":31,"column":null}},"17":{"start":{"line":32,"column":27},"end":{"line":32,"column":null}},"18":{"start":{"line":33,"column":10},"end":{"line":33,"column":null}},"19":{"start":{"line":34,"column":10},"end":{"line":34,"column":null}},"20":{"start":{"line":36,"column":10},"end":{"line":36,"column":null}},"21":{"start":{"line":37,"column":10},"end":{"line":37,"column":null}},"22":{"start":{"line":38,"column":10},"end":{"line":38,"column":null}},"23":{"start":{"line":39,"column":10},"end":{"line":39,"column":null}},"24":{"start":{"line":42,"column":6},"end":{"line":42,"column":null}},"25":{"start":{"line":45,"column":4},"end":{"line":45,"column":null}},"26":{"start":{"line":48,"column":16},"end":{"line":66,"column":null}},"27":{"start":{"line":49,"column":4},"end":{"line":49,"column":null}},"28":{"start":{"line":50,"column":4},"end":{"line":50,"column":null}},"29":{"start":{"line":51,"column":4},"end":{"line":65,"column":null}},"30":{"start":{"line":52,"column":23},"end":{"line":52,"column":null}},"31":{"start":{"line":53,"column":6},"end":{"line":53,"column":null}},"32":{"start":{"line":54,"column":6},"end":{"line":54,"column":null}},"33":{"start":{"line":55,"column":6},"end":{"line":55,"column":null}},"34":{"start":{"line":56,"column":6},"end":{"line":56,"column":null}},"35":{"start":{"line":57,"column":6},"end":{"line":57,"column":null}},"36":{"start":{"line":59,"column":6},"end":{"line":59,"column":null}},"37":{"start":{"line":60,"column":6},"end":{"line":60,"column":null}},"38":{"start":{"line":61,"column":6},"end":{"line":61,"column":null}},"39":{"start":{"line":62,"column":6},"end":{"line":62,"column":null}},"40":{"start":{"line":63,"column":6},"end":{"line":63,"column":null}},"41":{"start":{"line":64,"column":6},"end":{"line":64,"column":null}},"42":{"start":{"line":68,"column":17},"end":{"line":74,"column":null}},"43":{"start":{"line":69,"column":4},"end":{"line":69,"column":null}},"44":{"start":{"line":70,"column":4},"end":{"line":70,"column":null}},"45":{"start":{"line":71,"column":4},"end":{"line":71,"column":null}},"46":{"start":{"line":72,"column":4},"end":{"line":72,"column":null}},"47":{"start":{"line":77,"column":21},"end":{"line":95,"column":null}},"48":{"start":{"line":78,"column":26},"end":{"line":78,"column":null}},"49":{"start":{"line":79,"column":4},"end":{"line":82,"column":null}},"50":{"start":{"line":80,"column":8},"end":{"line":80,"column":null}},"51":{"start":{"line":81,"column":8},"end":{"line":81,"column":null}},"52":{"start":{"line":83,"column":4},"end":{"line":83,"column":null}},"53":{"start":{"line":84,"column":4},"end":{"line":84,"column":null}},"54":{"start":{"line":85,"column":4},"end":{"line":94,"column":null}},"55":{"start":{"line":86,"column":23},"end":{"line":86,"column":null}},"56":{"start":{"line":87,"column":6},"end":{"line":87,"column":null}},"57":{"start":{"line":89,"column":6},"end":{"line":89,"column":null}},"58":{"start":{"line":90,"column":6},"end":{"line":90,"column":null}},"59":{"start":{"line":91,"column":6},"end":{"line":91,"column":null}},"60":{"start":{"line":93,"column":6},"end":{"line":93,"column":null}},"61":{"start":{"line":98,"column":16},"end":{"line":105,"column":null}},"62":{"start":{"line":107,"column":2},"end":{"line":107,"column":null}}},"fnMap":{"0":{"name":"useUser","decl":{"start":{"line":9,"column":16},"end":{"line":9,"column":26}},"loc":{"start":{"line":9,"column":26},"end":{"line":15,"column":null}}},"1":{"name":"UserProvider","decl":{"start":{"line":17,"column":16},"end":{"line":17,"column":29}},"loc":{"start":{"line":17,"column":43},"end":{"line":108,"column":1}}},"2":{"name":"(anonymous_2)","decl":{"start":{"line":23,"column":12},"end":{"line":23,"column":18}},"loc":{"start":{"line":23,"column":18},"end":{"line":46,"column":5}}},"3":{"name":"(anonymous_3)","decl":{"start":{"line":24,"column":34},"end":{"line":24,"column":46}},"loc":{"start":{"line":24,"column":46},"end":{"line":43,"column":null}}},"4":{"name":"(anonymous_4)","decl":{"start":{"line":48,"column":28},"end":{"line":48,"column":35}},"loc":{"start":{"line":48,"column":55},"end":{"line":66,"column":5}}},"5":{"name":"(anonymous_5)","decl":{"start":{"line":68,"column":29},"end":{"line":68,"column":35}},"loc":{"start":{"line":68,"column":35},"end":{"line":74,"column":5}}},"6":{"name":"(anonymous_6)","decl":{"start":{"line":77,"column":33},"end":{"line":77,"column":45}},"loc":{"start":{"line":77,"column":45},"end":{"line":95,"column":5}}}},"branchMap":{"0":{"loc":{"start":{"line":11,"column":2},"end":{"line":13,"column":null}},"type":"if","locations":[{"start":{"line":11,"column":2},"end":{"line":13,"column":null}},{"start":{"line":11,"column":2},"end":{"line":13,"column":null}}]},"1":{"loc":{"start":{"line":29,"column":6},"end":{"line":41,"column":null}},"type":"if","locations":[{"start":{"line":29,"column":6},"end":{"line":41,"column":null}},{"start":{"line":29,"column":6},"end":{"line":41,"column":null}}]},"2":{"loc":{"start":{"line":78,"column":26},"end":{"line":78,"column":null}},"type":"binary-expr","locations":[{"start":{"line":78,"column":26},"end":{"line":78,"column":38}},{"start":{"line":78,"column":38},"end":{"line":78,"column":null}}]},"3":{"loc":{"start":{"line":79,"column":4},"end":{"line":82,"column":null}},"type":"if","locations":[{"start":{"line":79,"column":4},"end":{"line":82,"column":null}},{"start":{"line":79,"column":4},"end":{"line":82,"column":null}}]}},"s":{"0":2,"1":2,"2":38,"3":37,"4":2,"5":35,"6":43,"7":43,"8":43,"9":43,"10":16,"11":16,"12":16,"13":16,"14":16,"15":2,"16":2,"17":2,"18":1,"19":1,"20":1,"21":1,"22":1,"23":1,"24":16,"25":16,"26":43,"27":5,"28":5,"29":5,"30":5,"31":4,"32":4,"33":4,"34":4,"35":4,"36":1,"37":1,"38":1,"39":1,"40":1,"41":1,"42":43,"43":1,"44":1,"45":1,"46":1,"47":43,"48":4,"49":4,"50":1,"51":1,"52":3,"53":3,"54":3,"55":3,"56":2,"57":1,"58":1,"59":1,"60":3,"61":43,"62":43},"f":{"0":38,"1":43,"2":16,"3":16,"4":5,"5":1,"6":4},"b":{"0":[2,35],"1":[2,14],"2":[4,2],"3":[1,3]}}
,"C:/BestInQuest-Web/src/features/achievements/components/AchievementCard.jsx": {"path":"C:/BestInQuest-Web/src/features/achievements/components/AchievementCard.jsx","statementMap":{"0":{"start":{"line":3,"column":13},"end":{"line":12,"column":null}},"1":{"start":{"line":12,"column":22},"end":{"line":12,"column":49}},"2":{"start":{"line":16,"column":24},"end":{"line":16,"column":null}},"3":{"start":{"line":34,"column":13},"end":{"line":34,"column":null}},"4":{"start":{"line":41,"column":20},"end":{"line":41,"column":null}},"5":{"start":{"line":49,"column":29},"end":{"line":49,"column":null}},"6":{"start":{"line":58,"column":24},"end":{"line":60,"column":null}},"7":{"start":{"line":60,"column":20},"end":{"line":60,"column":35}},"8":{"start":{"line":66,"column":21},"end":{"line":66,"column":null}},"9":{"start":{"line":73,"column":86},"end":{"line":73,"column":null}},"10":{"start":{"line":74,"column":29},"end":{"line":74,"column":null}},"11":{"start":{"line":76,"column":2},"end":{"line":100,"column":null}}},"fnMap":{"0":{"name":"(anonymous_0)","decl":{"start":{"line":12,"column":13},"end":{"line":12,"column":22}},"loc":{"start":{"line":12,"column":22},"end":{"line":12,"column":49}}},"1":{"name":"(anonymous_1)","decl":{"start":{"line":60,"column":11},"end":{"line":60,"column":20}},"loc":{"start":{"line":60,"column":20},"end":{"line":60,"column":35}}},"2":{"name":"AchievementCard","decl":{"start":{"line":72,"column":24},"end":{"line":72,"column":40}},"loc":{"start":{"line":72,"column":57},"end":{"line":102,"column":null}}}},"branchMap":{"0":{"loc":{"start":{"line":12,"column":22},"end":{"line":12,"column":49}},"type":"cond-expr","locations":[{"start":{"line":12,"column":42},"end":{"line":12,"column":46}},{"start":{"line":12,"column":46},"end":{"line":12,"column":49}}]},"1":{"loc":{"start":{"line":74,"column":29},"end":{"line":74,"column":null}},"type":"cond-expr","locations":[{"start":{"line":74,"column":51},"end":{"line":74,"column":120}},{"start":{"line":74,"column":120},"end":{"line":74,"column":null}}]},"2":{"loc":{"start":{"line":74,"column":120},"end":{"line":74,"column":null}},"type":"cond-expr","locations":[{"start":{"line":74,"column":133},"end":{"line":74,"column":139}},{"start":{"line":74,"column":139},"end":{"line":74,"column":null}}]},"3":{"loc":{"start":{"line":79,"column":9},"end":{"line":84,"column":null}},"type":"cond-expr","locations":[{"start":{"line":80,"column":10},"end":{"line":80,"column":null}},{"start":{"line":84,"column":10},"end":{"line":84,"column":null}}]},"4":{"loc":{"start":{"line":79,"column":9},"end":{"line":79,"column":null}},"type":"binary-expr","locations":[{"start":{"line":79,"column":9},"end":{"line":79,"column":20}},{"start":{"line":79,"column":20},"end":{"line":79,"column":null}}]},"5":{"loc":{"start":{"line":89,"column":7},"end":{"line":95,"column":null}},"type":"binary-expr","locations":[{"start":{"line":89,"column":7},"end":{"line":89,"column":22}},{"start":{"line":89,"column":22},"end":{"line":89,"column":null}},{"start":{"line":90,"column":8},"end":{"line":95,"column":null}}]},"6":{"loc":{"start":{"line":97,"column":7},"end":{"line":98,"column":null}},"type":"binary-expr","locations":[{"start":{"line":97,"column":7},"end":{"line":97,"column":null}},{"start":{"line":98,"column":8},"end":{"line":98,"column":null}}]}},"s":{"0":0,"1":0,"2":0,"3":0,"4":0,"5":0,"6":0,"7":0,"8":0,"9":0,"10":0,"11":0},"f":{"0":0,"1":0,"2":0},"b":{"0":[0,0],"1":[0,0],"2":[0,0],"3":[0,0],"4":[0,0],"5":[0,0,0],"6":[0,0]}}
,"C:/BestInQuest-Web/src/features/achievements/components/AchievementsPage.jsx": {"path":"C:/BestInQuest-Web/src/features/achievements/components/AchievementsPage.jsx","statementMap":{"0":{"start":{"line":6,"column":22},"end":{"line":6,"column":null}},"1":{"start":{"line":13,"column":19},"end":{"line":13,"column":null}},"2":{"start":{"line":22,"column":18},"end":{"line":35,"column":null}},"3":{"start":{"line":28,"column":27},"end":{"line":28,"column":59}},"4":{"start":{"line":29,"column":21},"end":{"line":29,"column":61}},"5":{"start":{"line":35,"column":25},"end":{"line":35,"column":60}},"6":{"start":{"line":49,"column":25},"end":{"line":49,"column":null}},"7":{"start":{"line":58,"column":23},"end":{"line":58,"column":null}},"8":{"start":{"line":65,"column":21},"end":{"line":65,"column":null}},"9":{"start":{"line":70,"column":42},"end":{"line":70,"column":null}},"10":{"start":{"line":71,"column":36},"end":{"line":71,"column":null}},"11":{"start":{"line":72,"column":28},"end":{"line":72,"column":null}},"12":{"start":{"line":73,"column":36},"end":{"line":73,"column":null}},"13":{"start":{"line":75,"column":2},"end":{"line":92,"column":null}},"14":{"start":{"line":76,"column":29},"end":{"line":90,"column":null}},"15":{"start":{"line":77,"column":6},"end":{"line":77,"column":null}},"16":{"start":{"line":78,"column":6},"end":{"line":78,"column":null}},"17":{"start":{"line":79,"column":6},"end":{"line":89,"column":null}},"18":{"start":{"line":80,"column":21},"end":{"line":80,"column":null}},"19":{"start":{"line":84,"column":8},"end":{"line":84,"column":null}},"20":{"start":{"line":86,"column":8},"end":{"line":86,"column":null}},"21":{"start":{"line":88,"column":8},"end":{"line":88,"column":null}},"22":{"start":{"line":91,"column":4},"end":{"line":91,"column":null}},"23":{"start":{"line":94,"column":31},"end":{"line":96,"column":null}},"24":{"start":{"line":96,"column":33},"end":{"line":96,"column":47}},"25":{"start":{"line":98,"column":2},"end":{"line":100,"column":null}},"26":{"start":{"line":99,"column":4},"end":{"line":99,"column":null}},"27":{"start":{"line":102,"column":2},"end":{"line":104,"column":null}},"28":{"start":{"line":103,"column":4},"end":{"line":103,"column":null}},"29":{"start":{"line":106,"column":2},"end":{"line":127,"column":null}},"30":{"start":{"line":109,"column":66},"end":{"line":109,"column":87}},"31":{"start":{"line":112,"column":71},"end":{"line":112,"column":97}},"32":{"start":{"line":119,"column":12},"end":{"line":119,"column":null}}},"fnMap":{"0":{"name":"(anonymous_0)","decl":{"start":{"line":28,"column":17},"end":{"line":28,"column":27}},"loc":{"start":{"line":28,"column":27},"end":{"line":28,"column":59}}},"1":{"name":"(anonymous_1)","decl":{"start":{"line":29,"column":11},"end":{"line":29,"column":21}},"loc":{"start":{"line":29,"column":21},"end":{"line":29,"column":61}}},"2":{"name":"(anonymous_2)","decl":{"start":{"line":35,"column":15},"end":{"line":35,"column":25}},"loc":{"start":{"line":35,"column":25},"end":{"line":35,"column":60}}},"3":{"name":"AchievementsPage","decl":{"start":{"line":69,"column":24},"end":{"line":69,"column":43}},"loc":{"start":{"line":69,"column":43},"end":{"line":129,"column":null}}},"4":{"name":"(anonymous_4)","decl":{"start":{"line":75,"column":12},"end":{"line":75,"column":18}},"loc":{"start":{"line":75,"column":18},"end":{"line":92,"column":5}}},"5":{"name":"(anonymous_5)","decl":{"start":{"line":76,"column":29},"end":{"line":76,"column":41}},"loc":{"start":{"line":76,"column":41},"end":{"line":90,"column":null}}},"6":{"name":"(anonymous_6)","decl":{"start":{"line":96,"column":26},"end":{"line":96,"column":33}},"loc":{"start":{"line":96,"column":33},"end":{"line":96,"column":47}}},"7":{"name":"(anonymous_7)","decl":{"start":{"line":109,"column":60},"end":{"line":109,"column":66}},"loc":{"start":{"line":109,"column":66},"end":{"line":109,"column":87}}},"8":{"name":"(anonymous_8)","decl":{"start":{"line":112,"column":65},"end":{"line":112,"column":71}},"loc":{"start":{"line":112,"column":71},"end":{"line":112,"column":97}}},"9":{"name":"(anonymous_9)","decl":{"start":{"line":118,"column":36},"end":{"line":118,"column":null}},"loc":{"start":{"line":119,"column":12},"end":{"line":119,"column":null}}}},"branchMap":{"0":{"loc":{"start":{"line":28,"column":27},"end":{"line":28,"column":59}},"type":"cond-expr","locations":[{"start":{"line":28,"column":45},"end":{"line":28,"column":53}},{"start":{"line":28,"column":53},"end":{"line":28,"column":59}}]},"1":{"loc":{"start":{"line":29,"column":21},"end":{"line":29,"column":61}},"type":"cond-expr","locations":[{"start":{"line":29,"column":39},"end":{"line":29,"column":51}},{"start":{"line":29,"column":51},"end":{"line":29,"column":61}}]},"2":{"loc":{"start":{"line":35,"column":25},"end":{"line":35,"column":60}},"type":"cond-expr","locations":[{"start":{"line":35,"column":43},"end":{"line":35,"column":53}},{"start":{"line":35,"column":53},"end":{"line":35,"column":60}}]},"3":{"loc":{"start":{"line":94,"column":31},"end":{"line":96,"column":null}},"type":"cond-expr","locations":[{"start":{"line":95,"column":6},"end":{"line":95,"column":null}},{"start":{"line":96,"column":6},"end":{"line":96,"column":null}}]},"4":{"loc":{"start":{"line":98,"column":2},"end":{"line":100,"column":null}},"type":"if","locations":[{"start":{"line":98,"column":2},"end":{"line":100,"column":null}},{"start":{"line":98,"column":2},"end":{"line":100,"column":null}}]},"5":{"loc":{"start":{"line":102,"column":2},"end":{"line":104,"column":null}},"type":"if","locations":[{"start":{"line":102,"column":2},"end":{"line":104,"column":null}},{"start":{"line":102,"column":2},"end":{"line":104,"column":null}}]},"6":{"loc":{"start":{"line":116,"column":7},"end":{"line":125,"column":null}},"type":"cond-expr","locations":[{"start":{"line":117,"column":8},"end":{"line":121,"column":null}},{"start":{"line":123,"column":8},"end":{"line":125,"column":null}}]},"7":{"loc":{"start":{"line":124,"column":11},"end":{"line":124,"column":null}},"type":"cond-expr","locations":[{"start":{"line":124,"column":38},"end":{"line":124,"column":80}},{"start":{"line":124,"column":80},"end":{"line":124,"column":null}}]}},"s":{"0":0,"1":0,"2":0,"3":0,"4":0,"5":0,"6":0,"7":0,"8":0,"9":0,"10":0,"11":0,"12":0,"13":0,"14":0,"15":0,"16":0,"17":0,"18":0,"19":0,"20":0,"21":0,"22":0,"23":0,"24":0,"25":0,"26":0,"27":0,"28":0,"29":0,"30":0,"31":0,"32":0},"f":{"0":0,"1":0,"2":0,"3":0,"4":0,"5":0,"6":0,"7":0,"8":0,"9":0},"b":{"0":[0,0],"1":[0,0],"2":[0,0],"3":[0,0],"4":[0,0],"5":[0,0],"6":[0,0],"7":[0,0]}}
,"C:/BestInQuest-Web/src/features/achievements/services/achievementApi.js": {"path":"C:/BestInQuest-Web/src/features/achievements/services/achievementApi.js","statementMap":{"0":{"start":{"line":9,"column":36},"end":{"line":22,"column":1}},"1":{"start":{"line":12,"column":2},"end":{"line":21,"column":3}},"2":{"start":{"line":13,"column":21},"end":{"line":13,"column":54}},"3":{"start":{"line":14,"column":4},"end":{"line":16,"column":5}},"4":{"start":{"line":15,"column":6},"end":{"line":15,"column":97}},"5":{"start":{"line":17,"column":4},"end":{"line":17,"column":27}},"6":{"start":{"line":19,"column":4},"end":{"line":19,"column":57}},"7":{"start":{"line":20,"column":4},"end":{"line":20,"column":16}}},"fnMap":{"0":{"name":"(anonymous_0)","decl":{"start":{"line":9,"column":36},"end":{"line":9,"column":41}},"loc":{"start":{"line":9,"column":48},"end":{"line":22,"column":1}}}},"branchMap":{"0":{"loc":{"start":{"line":14,"column":4},"end":{"line":16,"column":5}},"type":"if","locations":[{"start":{"line":14,"column":4},"end":{"line":16,"column":5}},{"start":{"line":14,"column":4},"end":{"line":16,"column":5}}]}},"s":{"0":0,"1":0,"2":0,"3":0,"4":0,"5":0,"6":0,"7":0},"f":{"0":0},"b":{"0":[0,0]}}
,"C:/BestInQuest-Web/src/features/auth/components/LoginPage.jsx": {"path":"C:/BestInQuest-Web/src/features/auth/components/LoginPage.jsx","statementMap":{"0":{"start":{"line":7,"column":20},"end":{"line":7,"column":null}},"1":{"start":{"line":15,"column":23},"end":{"line":15,"column":null}},"2":{"start":{"line":25,"column":14},"end":{"line":25,"column":null}},"3":{"start":{"line":32,"column":17},"end":{"line":32,"column":null}},"4":{"start":{"line":39,"column":13},"end":{"line":39,"column":null}},"5":{"start":{"line":45,"column":19},"end":{"line":45,"column":null}},"6":{"start":{"line":49,"column":14},"end":{"line":49,"column":null}},"7":{"start":{"line":64,"column":23},"end":{"line":64,"column":null}},"8":{"start":{"line":90,"column":27},"end":{"line":90,"column":null}},"9":{"start":{"line":103,"column":22},"end":{"line":103,"column":null}},"10":{"start":{"line":123,"column":24},"end":{"line":123,"column":null}},"11":{"start":{"line":140,"column":21},"end":{"line":140,"column":null}},"12":{"start":{"line":149,"column":28},"end":{"line":149,"column":null}},"13":{"start":{"line":150,"column":34},"end":{"line":150,"column":null}},"14":{"start":{"line":151,"column":42},"end":{"line":151,"column":null}},"15":{"start":{"line":152,"column":42},"end":{"line":152,"column":null}},"16":{"start":{"line":153,"column":28},"end":{"line":153,"column":null}},"17":{"start":{"line":155,"column":20},"end":{"line":155,"column":null}},"18":{"start":{"line":157,"column":23},"end":{"line":171,"column":null}},"19":{"start":{"line":158,"column":4},"end":{"line":158,"column":null}},"20":{"start":{"line":159,"column":4},"end":{"line":159,"column":null}},"21":{"start":{"line":160,"column":4},"end":{"line":160,"column":null}},"22":{"start":{"line":161,"column":4},"end":{"line":170,"column":null}},"23":{"start":{"line":162,"column":6},"end":{"line":162,"column":null}},"24":{"start":{"line":166,"column":6},"end":{"line":166,"column":null}},"25":{"start":{"line":167,"column":6},"end":{"line":167,"column":null}},"26":{"start":{"line":169,"column":6},"end":{"line":169,"column":null}},"27":{"start":{"line":173,"column":30},"end":{"line":176,"column":null}},"28":{"start":{"line":174,"column":4},"end":{"line":174,"column":null}},"29":{"start":{"line":178,"column":29},"end":{"line":180,"column":null}},"30":{"start":{"line":179,"column":4},"end":{"line":179,"column":null}},"31":{"start":{"line":183,"column":2},"end":{"line":222,"column":null}},"32":{"start":{"line":194,"column":31},"end":{"line":194,"column":null}
[...]
,"C:/BestInQuest-Web/src/test/setup.js": {"path":"C:/BestInQuest-Web/src/test/setup.js","statementMap":{"0":{"start":{"line":6,"column":0},"end":{"line":8,"column":2}},"1":{"start":{"line":7,"column":2},"end":{"line":7,"column":11}}},"fnMap":{"0":{"name":"(anonymous_0)","decl":{"start":{"line":6,"column":10},"end":{"line":6,"column":11}},"loc":{"start":{"line":6,"column":16},"end":{"line":8,"column":1}}}},"branchMap":{},"s":{"0":0,"1":0},"f":{"0":0},"b":{}}
,"C:/BestInQuest-Web/src/test/test-utils.jsx": {"path":"C:/BestInQuest-Web/src/test/test-utils.jsx","statementMap":{"0":{"start":{"line":7,"column":2},"end":{"line":14,"column":null}},"1":{"start":{"line":18,"column":35},"end":{"line":23,"column":null}},"2":{"start":{"line":19,"column":2},"end":{"line":22,"column":null}},"3":{"start":{"line":21,"column":16},"end":{"line":21,"column":null}},"4":{"start":{"line":26,"column":33},"end":{"line":31,"column":null}},"5":{"start":{"line":27,"column":2},"end":{"line":30,"column":null}},"6":{"start":{"line":34,"column":28},"end":{"line":34,"column":null}},"7":{"start":{"line":34,"column":34},"end":{"line":34,"column":null}},"8":{"start":{"line":34,"column":57},"end":{"line":34,"column":79}},"9":{"start":{"line":37,"column":32},"end":{"line":53,"column":null}},"10":{"start":{"line":38,"column":16},"end":{"line":38,"column":null}},"11":{"start":{"line":39,"column":2},"end":{"line":52,"column":null}},"12":{"start":{"line":40,"column":22},"end":{"line":40,"column":null}},"13":{"start":{"line":42,"column":6},"end":{"line":42,"column":null}},"14":{"start":{"line":45,"column":6},"end":{"line":45,"column":null}},"15":{"start":{"line":48,"column":6},"end":{"line":50,"column":null}},"16":{"start":{"line":49,"column":8},"end":{"line":49,"column":null}}},"fnMap":{"0":{"name":"renderWithProviders","decl":{"start":{"line":6,"column":16},"end":{"line":6,"column":36}},"loc":{"start":{"line":6,"column":54},"end":{"line":15,"column":null}}},"1":{"name":"(anonymous_1)","decl":{"start":{"line":18,"column":35},"end":{"line":18,"column":36}},"loc":{"start":{"line":18,"column":45},"end":{"line":23,"column":null}}},"2":{"name":"(anonymous_2)","decl":{"start":{"line":21,"column":10},"end":{"line":21,"column":16}},"loc":{"start":{"line":21,"column":16},"end":{"line":21,"column":null}}},"3":{"name":"(anonymous_3)","decl":{"start":{"line":26,"column":33},"end":{"line":26,"column":34}},"loc":{"start":{"line":26,"column":70},"end":{"line":31,"column":null}}},"4":{"name":"(anonymous_4)","decl":{"start":{"line":34,"column":28},"end":{"line":34,"column":34}},"loc":{"start":{"line":34,"column":34},"end":{"line":34,"column":null}}},"5":{"name":"(anonymous_5)","decl":{"start":{"line":34,"column":46},"end":{"line":34,"column":57}},"loc":{"start":{"line":34,"column":57},"end":{"line":34,"column":79}}},"6":{"name":"(anonymous_6)","decl":{"start":{"line":37,"column":32},"end":{"line":37,"column":38}},"loc":{"start":{"line":37,"column":38},"end":{"line":53,"column":null}}},"7":{"name":"(anonymous_7)","decl":{"start":{"line":40,"column":13},"end":{"line":40,"column":14}},"loc":{"start":{"line":40,"column":22},"end":{"line":40,"column":null}}},"8":{"name":"(anonymous_8)","decl":{"start":{"line":41,"column":13},"end":{"line":41,"column":14}},"loc":{"start":{"line":41,"column":29},"end":{"line":43,"column":null}}},"9":{"name":"(anonymous_9)","decl":{"start":{"line":44,"column":16},"end":{"line":44,"column":17}},"loc":{"start":{"line":44,"column":25},"end":{"line":46,"column":null}}},"10":{"name":"(anonymous_10)","decl":{"start":{"line":47,"column":11},"end":{"line":47,"column":17}},"loc":{"start":{"line":47,"column":17},"end":{"line":51,"column":null}}},"11":{"name":"(anonymous_11)","decl":{"start":{"line":48,"column":33},"end":{"line":48,"column":40}},"loc":{"start":{"line":48,"column":40},"end":{"line":50,"column":7}}}},"branchMap":{"0":{"loc":{"start":{"line":6,"column":40},"end":{"line":6,"column":54}},"type":"default-arg","locations":[{"start":{"line":6,"column":50},"end":{"line":6,"column":54}}]},"1":{"loc":{"start":{"line":26,"column":34},"end":{"line":26,"column":48}},"type":"default-arg","locations":[{"start":{"line":26,"column":43},"end":{"line":26,"column":48}}]},"2":{"loc":{"start":{"line":26,"column":48},"end":{"line":26,"column":70}},"type":"default-arg","locations":[{"start":{"line":26,"column":58},"end":{"line":26,"column":70}}]}},"s":{"0":0,"1":0,"2":0,"3":0,"4":0,"5":0,"6":0,"7":0,"8":0,"9":0,"10":0,"11":0,"12":0,"13":0,"14":0,"15":0,"16":0},"f":{"0":0,"1":0,"2":0,"3":0,"4":0,"5":0,"6":0,"7":0,"8":0,"9":0,"10":0,"11":0},"b":{"0":[0],"1":[0],"2":[0]}}
,"C:/BestInQuest-Web/src/utils/dateTimeUtils.js": {"path":"C:/BestInQuest-Web/src/utils/dateTimeUtils.js","statementMap":{"0":{"start":{"line":6,"column":40},"end":{"line":22,"column":1}},"1":{"start":{"line":7,"column":2},"end":{"line":7,"column":37}},"2":{"start":{"line":7,"column":18},"end":{"line":7,"column":37}},"3":{"start":{"line":8,"column":2},"end":{"line":21,"column":3}},"4":{"start":{"line":9,"column":17},"end":{"line":9,"column":36}},"5":{"start":{"line":10,"column":4},"end":{"line":10,"column":52}},"6":{"start":{"line":10,"column":31},"end":{"line":10,"column":52}},"7":{"start":{"line":11,"column":4},"end":{"line":17,"column":24}},"8":{"start":{"line":19,"column":4},"end":{"line":19,"column":63}},"9":{"start":{"line":20,"column":4},"end":{"line":20,"column":25}},"10":{"start":{"line":29,"column":38},"end":{"line":44,"column":1}},"11":{"start":{"line":30,"column":2},"end":{"line":30,"column":28}},"12":{"start":{"line":30,"column":18},"end":{"line":30,"column":28}},"13":{"start":{"line":31,"column":2},"end":{"line":43,"column":3}},"14":{"start":{"line":32,"column":17},"end":{"line":32,"column":36}},"15":{"start":{"line":33,"column":4},"end":{"line":33,"column":41}},"16":{"start":{"line":33,"column":31},"end":{"line":33,"column":41}},"17":{"start":{"line":34,"column":17},"end":{"line":34,"column":35}},"18":{"start":{"line":35,"column":18},"end":{"line":35,"column":67}},"19":{"start":{"line":36,"column":16},"end":{"line":36,"column":58}},"20":{"start":{"line":37,"column":18},"end":{"line":37,"column":61}},"21":{"start":{"line":38,"column":20},"end":{"line":38,"column":65}},"22":{"start":{"line":39,"column":4},"end":{"line":39,"column":57}},"23":{"start":{"line":41,"column":4},"end":{"line":41,"column":57}},"24":{"start":{"line":42,"column":4},"end":{"line":42,"column":14}},"25":{"start":{"line":51,"column":29},"end":{"line":56,"column":1}},"26":{"start":{"line":52,"column":2},"end":{"line":52,"column":117}},"27":{"start":{"line":52,"column":102},"end":{"line":52,"column":117}},"28":{"start":{"line":53,"column":16},"end":{"line":53,"column":47}},"29":{"start":{"line":54,"column":18},"end":{"line":54,"column":56}},"30":{"start":{"line":55,"column":2},"end":{"line":55,"column":81}},"31":{"start":{"line":63,"column":29},"end":{"line":71,"column":1}},"32":{"start":{"line":64,"column":2},"end":{"line":64,"column":28}},"33":{"start":{"line":64,"column":19},"end":{"line":64,"column":28}},"34":{"start":{"line":65,"column":16},"end":{"line":65,"column":37}},"35":{"start":{"line":66,"column":2},"end":{"line":66,"column":35}},"36":{"start":{"line":66,"column":26},"end":{"line":66,"column":35}},"37":{"start":{"line":67,"column":16},"end":{"line":67,"column":38}},"38":{"start":{"line":68,"column":18},"end":{"line":68,"column":40}},"39":{"start":{"line":69,"column":2},"end":{"line":69,"column":47}},"40":{"start":{"line":69,"column":38},"end":{"line":69,"column":47}},"41":{"start":{"line":70,"column":2},"end":{"line":70,"column":37}},"42":{"start":{"line":78,"column":40},"end":{"line":92,"column":1}},"43":{"start":{"line":79,"column":2},"end":{"line":81,"column":3}},"44":{"start":{"line":80,"column":4},"end":{"line":80,"column":24}},"45":{"start":{"line":82,"column":2},"end":{"line":82,"column":41}},"46":{"start":{"line":82,"column":26},"end":{"line":82,"column":41}},"47":{"start":{"line":84,"column":16},"end":{"line":84,"column":47}},"48":{"start":{"line":85,"column":18},"end":{"line":85,"column":56}},"49":{"start":{"line":87,"column":14},"end":{"line":87,"column":16}},"50":{"start":{"line":88,"column":2},"end":{"line":88,"column":42}},"51":{"start":{"line":88,"column":17},"end":{"line":88,"column":42}},"52":{"start":{"line":89,"column":2},"end":{"line":89,"column":48}},"53":{"start":{"line":89,"column":19},"end":{"line":89,"column":48}},"54":{"start":{"line":91,"column":2},"end":{"line":91,"column":54}},"55":{"start":{"line":100,"column":34},"end":{"line":109,"column":1}},"56":{"start":{"line":101,"column":4},"end":{"line":101,"column":41}},"57":{"start":{"line":101,"column":21},"end":{"line":101,"column":41}},"58":{"start":{"line":102,"column":4},"end":{"line":108,"column":5}},"59":{"start":{"line":103,"column":8},"end":{"line":105,"column":11}},"60":{"start":{"line":107,"column":8},"end":{"line":107,"column":31}},"61":{"start":{"line":116,"column":38},"end":{"line":126,"column":3}},"62":{"start":{"line":117,"column":4},"end":{"line":117,"column":43}},"63":{"start":{"line":117,"column":21},"end":{"line":117,"column":43}},"64":{"start":{"line":118,"column":4},"end":{"line":125,"column":5}},"65":{"start":{"line":119,"column":6},"end":{"line":121,"column":9}},"66":{"start":{"line":123,"column":6},"end":{"line":123,"column":59}},"67":{"start":{"line":124,"column":6},"end":{"line":124,"column":24}},"68":{"start":{"line":133,"column":38},"end":{"line":155,"column":1}},"69":{"start":{"line":134,"column":4},"end":{"line":136,"column":5}},"70":{"start":{"line":135,"column":6},"end":{"line":135,"column":18}},"71":{"start":{"line":138,"column":4},"end":{"line":140,"column":5}},"72":{"start":{"line":139,"column":6},"end":{"line":139,"column":30}},"73":{"start":{"line":142,"column":18},"end":{"line":142,"column":44}},"74":{"start":{"line":143,"column":29},"end":{"line":143,"column":43}},"75":{"start":{"line":144,"column":20},"end":{"line":144,"column":53}},"76":{"start":{"line":146,"column":4},"end":{"line":154,"column":5}},"77":{"start":{"line":147,"column":6},"end":{"line":151,"column":7}},"78":{"start":{"line":148,"column":8},"end":{"line":148,"column":43}},"79":{"start":{"line":150,"column":8},"end":{"line":150,"column":28}},"80":{"start":{"line":153,"column":6},"end":{"line":153,"column":30}}},"fnMap":{"0":{"name":"(anonymous_0)","decl":{"start":{"line":6,"column":40},"end":{"line":6,"column":41}},"loc":{"start":{"line":6,"column":55},"end":{"line":22,"column":1}}},"1":{"name":"(anonymous_1)","decl":{"start":{"line":29,"column":38},"end":{"line":29,"column":39}},"loc":{"start":{"line":29,"column":53},"end":{"line":44,"column":1}}},"2":{"name":"(anonymous_2)","decl":{"start":{"line":51,"column":29},"end":{"line":51,"column":30}},"loc":{"start":{"line":51,"column":47},"end":{"line":56,"column":1}}},"3":{"name":"(anonymous_3)","decl":{"start":{"line":63,"column":29},"end":{"line":63,"column":30}},"loc":{"start":{"line":63,"column":45},"end":{"line":71,"column":1}}},"4":{"name":"(anonymous_4)","decl":{"start":{"line":78,"column":40},"end":{"line":78,"column":41}},"loc":{"start":{"line":78,"column":58},"end":{"line":92,"column":1}}},"5":{"name":"(anonymous_5)","decl":{"start":{"line":100,"column":34},"end":{"line":100,"column":35}},"loc":{"start":{"line":100,"column":50},"end":{"line":109,"column":1}}},"6":{"name":"(anonymous_6)","decl":{"start":{"line":116,"column":38},"end":{"line":116,"column":39}},"loc":{"start":{"line":116,"column":54},"end":{"line":126,"column":3}}},"7":{"name":"(anonymous_7)","decl":{"start":{"line":133,"column":38},"end":{"line":133,"column":39}},"loc":{"start":{"line":133,"column":51},"end":{"line":155,"column":1}}}},"branchMap":{"0":{"loc":{"start":{"line":7,"column":2},"end":{"line":7,"column":37}},"type":"if","locations":[{"start":{"line":7,"column":2},"end":{"line":7,"column":37}},{"start":{"line":7,"column":2},"end":{"line":7,"column":37}}]},"1":{"loc":{"start":{"line":10,"column":4},"end":{"line":10,"column":52}},"type":"if","locations":[{"start":{"line":10,"column":4},"end":{"line":10,"column":52}},{"start":{"line":10,"column":4},"end":{"line":10,"column":52}}]},"2":{"loc":{"start":{"line":30,"column":2},"end":{"line":30,"column":28}},"type":"if","locations":[{"start":{"line":30,"column":2},"end":{"line":30,"column":28}},{"start":{"line":30,"column":2},"end":{"line":30,"column":28}}]},"3":{"loc":{"start":{"line":33,"column":4},"end":{"line":33,"column":41}},"type":"if","locations":[{"start":{"line":33,"column":4},"end":{"line":33,"column":41}},{"start":{"line":33,"column":4},"end":{"line":33,"column":41}}]},"4":{"loc":{"start":{"line":52,"column":2},"end":{"line":52,"column":117}},"type":"if","locations":[{"start":{"line":52,"column":2},"end":{"line":52,"column":117}},{"start":{"line":52,"column":2},"end":{"line":52,"column":117}}]},"5":{"loc":{"start":{"line":52,"column":6},"end":{"line":52,"column":100}},"type":"binary-expr","locations":[{"start":{"line":52,"column":6},"end":{"line":52,"column":27}},{"start":{"line":52,"column":31},"end":{"line":52,"column":57}},{"start":{"line":52,"column":61},"end":{"line":52,"column":77}},{"start":{"line":52,"column":81},"end":{"line":52,"column":100}}]},"6":{"loc":{"start":{"line":64,"column":2},"end":{"line":64,"column":28}},"type":"if","locations":[{"start":{"line":64,"column":2},"end":{"line":64,"column":28}},{"start":{"line":64,"column":2},"end":{"line":64,"column":28}}]},"7":{"loc":{"start":{"line":66,"column":2},"end":{"line":66,"column":35}},"type":"if","locations":[{"start":{"line":66,"column":2},"end":{"line":66,"column":35}},{"start":{"line":66,"column":2},"end":{"line":66,"column":35}}]},"8":{"loc":{"start":{"line":69,"column":2},"end":{"line":69,"column":47}},"type":"if","locations":[{"start":{"line":69,"column":2},"end":{"line":69,"column":47}},{"start":{"line":69,"column":2},"end":{"line":69,"column":47}}]},"9":{"loc":{"start":{"line":69,"column":6},"end":{"line":69,"column":36}},"type":"binary-expr","locations":[{"start":{"line":69,"column":6},"end":{"line":69,"column":18}},{"start":{"line":69,"column":22},"end":{"line":69,"column":36}}]},"10":{"loc":{"start":{"line":79,"column":2},"end":{"line":81,"column":3}},"type":"if","locations":[{"start":{"line":79,"column":2},"end":{"line":81,"column":3}},{"start":{"line":79,"column":2},"end":{"line":81,"column":3}}]},"11":{"loc":{"start":{"line":79,"column":6},"end":{"line":79,"column":81}},"type":"binary-expr","locations":[{"start":{"line":79,"column":6},"end":{"line":79,"column":38}},{"start":{"line":79,"column":42},"end":{"line":79,"column":61}},{"start":{"line":79,"column":65},"end":{"line":79,"column":81}}]},"12":{"loc":{"start":{"line":82,"column":2},"end":{"line":82,"column":41}},"type":"if","locations":[{"start":{"line":82,"column":2},"end":{"line":82,"column":41}},{"start":{"line":82,"column":2},"end":{"line":82,"column":41}}]},"13":{"loc":{"start":{"line":88,"column":2},"end":{"line":88,"column":42}},"type":"if","locations":[{"start":{"line":88,"column":2},"end":{"line":88,"column":42}},{"start":{"line":88,"column":2},"end":{"line":88,"column":42}}]},"14":{"loc":{"start":{"line":89,"column":2},"end":{"line":89,"column":48}},"type":"if","locations":[{"start":{"line":89,"column":2},"end":{"line":89,"column":48}},{"start":{"line":89,"column":2},"end":{"line":89,"column":48}}]},"15":{"loc":{"start":{"line":91,"column":9},"end":{"line":91,"column":53}},"type":"cond-expr","locations":[{"start":{"line":91,"column":28},"end":{"line":91,"column":43}},{"start":{"line":91,"column":46},"end":{"line":91,"column":53}}]},"16":{"loc":{"start":{"line":101,"column":4},"end":{"line":101,"column":41}},"type":"if","locations":[{"start":{"line":101,"column":4},"end":{"line":101,"column":41}},{"start":{"line":101,"column":4},"end":{"line":101,"column":41}}]},"17":{"loc":{"start":{"line":117,"column":4},"end":{"line":117,"column":43}},"type":"if","locations":[{"start":{"line":117,"column":4},"end":{"line":117,"column":43}},{"start":{"line":117,"column":4},"end":{"line":117,"column":43}}]},"18":{"loc":{"start":{"line":134,"column":4},"end":{"line":136,"column":5}},"type":"if","locations":[{"start":{"line":134,"column":4},"end":{"line":136,"column":5}},{"start":{"line":134,"column":4},"end":{"line":136,"column":5}}]},"19":{"loc":{"start":{"line":134,"column":8},"end":{"line":134,"column":68}},"type":"binary-expr","locations":[{"start":{"line":134,"column":8},"end":{"line":134,"column":35}},{"start":{"line":134,"column":39},"end":{"line":134,"column":53}},{"start":{"line":134,"column":57},"end":{"line":134,"column":68}}]},"20":{"loc":{"start":{"line":138,"column":4},"end":{"line":140,"column":5}},"type":"if","locations":[{"start":{"line":138,"column":4},"end":{"line":140,"column":5}},{"start":{"line":138,"column":4},"end":{"line":140,"column":5}}]},"21":{"loc":{"start":{"line":146,"column":4},"end":{"line":154,"column":5}},"type":"if","locations":[{"start":{"line":146,"column":4},"end":{"line":154,"column":5}},{"start":{"line":152,"column":11},"end":{"line":154,"column":5}}]},"22":{"loc":{"start":{"line":147,"column":6},"end":{"line":151,"column":7}},"type":"if","locations":[{"start":{"line":147,"column":6},"end":{"line":151,"column":7}},{"start":{"line":149,"column":13},"end":{"line":151,"column":7}}]}},"s":{"0":0,"1":0,"2":0,"3":0,"4":0,"5":0,"6":0,"7":0,"8":0,"9":0,"10":0,"11":0,"12":0,"13":0,"14":0,"15":0,"16":0,"17":0,"18":0,"19":0,"20":0,"21":0,"22":0,"23":0,"24":0,"25":0,"26":0,"27":0,"28":0,"29":0,"30":0,"31":0,"32":0,"33":0,"34":0,"35":0,"36":0,"37":0,"38":0,"39":0,"40":0,"41":0,"42":0,"43":0,"44":0,"45":0,"46":0,"47":0,"48":0,"49":0,"50":0,"51":0,"52":0,"53":0,"54":0,"55":0,"56":0,"57":0,"58":0,"59":0,"60":0,"61":0,"62":0,"63":0,"64":0,"65":0,"66":0,"67":0,"68":0,"69":0,"70":0,"71":0,"72":0,"73":0,"74":0,"75":0,"76":0,"77":0,"78":0,"79":0,"80":0},"f":{"0":0,"1":0,"2":0,"3":0,"4":0,"5":0,"6":0,"7":0},"b":{"0":[0,0],"1":[0,0],"2":[0,0],"3":[0,0],"4":[0,0],"5":[0,0,0,0],"6":[0,0],"7":[0,0],"8":[0,0],"9":[0,0],"10":[0,0],"11":[0,0,0],"12":[0,0],"13":[0,0],"14":[0,0],"15":[0,0],"16":[0,0],"17":[0,0],"18":[0,0],"19":[0,0,0],"20":[0,0],"21":[0,0],"22":[0,0]}}
}
